\BOOKMARK [0][-]{chapter.1}{\376\377\0001\000\040\000S\000m\000a\000r\000t\000\040\000A\000i\000r\000\040\000Q\000u\000a\000l\000i\000t\000y\000\040\000N\000e\000t\000w\000o\000r\000k\000\040\000\050\000S\000M\000A\000R\000T\000A\000Q\000N\000E\000T\000\051}{}% 1
\BOOKMARK [1][-]{section.1.1}{\376\377\0001\000.\0001\000\040\000I\000n\000t\000r\000o\000d\000u\000c\000t\000i\000o\000n}{chapter.1}% 2
\BOOKMARK [2][-]{subsection.1.1.1}{\376\377\0001\000.\0001\000.\0001\000\040\000O\000L\000E\000D\000\040\000D\000i\000s\000p\000l\000a\000y\000\040\000U\000s\000a\000g\000e}{section.1.1}% 3
\BOOKMARK [2][-]{subsection.1.1.2}{\376\377\0001\000.\0001\000.\0002\000\040\000E\000r\000r\000o\000r\000\040\000D\000e\000c\000o\000d\000i\000n\000g}{section.1.1}% 4
\BOOKMARK [2][-]{subsection.1.1.3}{\376\377\0001\000.\0001\000.\0003\000\040\000N\000V\000S\000\040\000U\000s\000a\000g\000e}{section.1.1}% 5
\BOOKMARK [2][-]{subsection.1.1.4}{\376\377\0001\000.\0001\000.\0004\000\040\000S\000D\000S\0000\0001\0001\000\040\000D\000u\000s\000t\000\040\000S\000e\000n\000s\000o\000r\000\040\000U\000s\000a\000g\000e}{section.1.1}% 6
\BOOKMARK [2][-]{subsection.1.1.5}{\376\377\0001\000.\0001\000.\0005\000\040\000B\000M\000E\0002\0008\0000\000\040\000S\000e\000n\000s\000o\000r\000\040\000U\000s\000a\000g\000e}{section.1.1}% 7
\BOOKMARK [2][-]{subsection.1.1.6}{\376\377\0001\000.\0001\000.\0006\000\040\000W\000i\000F\000i\000\040\000U\000S\000a\000g\000e}{section.1.1}% 8
\BOOKMARK [2][-]{subsection.1.1.7}{\376\377\0001\000.\0001\000.\0007\000\040\000C\000o\000n\000f\000i\000g\000u\000r\000a\000t\000i\000o\000n\000\040\000P\000a\000g\000e}{section.1.1}% 9
\BOOKMARK [2][-]{subsection.1.1.8}{\376\377\0001\000.\0001\000.\0008\000\040\000M\000D\000N\000S}{section.1.1}% 10
\BOOKMARK [2][-]{subsection.1.1.9}{\376\377\0001\000.\0001\000.\0009\000\040\000D\000a\000i\000l\000y\000\040\000R\000e\000b\000o\000o\000t}{section.1.1}% 11
\BOOKMARK [2][-]{subsection.1.1.10}{\376\377\0001\000.\0001\000.\0001\0000\000\040\000S\000e\000n\000s\000i\000n\000g\000\040\000a\000n\000d\000\040\000S\000e\000n\000d\000i\000n\000g\000\040\000I\000n\000t\000e\000r\000v\000a\000l\000s}{section.1.1}% 12
\BOOKMARK [2][-]{subsection.1.1.11}{\376\377\0001\000.\0001\000.\0001\0001\000\040\000M\000o\000d\000e\000l\000l\000i\000n\000g\000\040\000a\000n\000d\000\040\000C\000r\000e\000a\000t\000i\000n\000g\000\040\000E\000n\000t\000i\000t\000i\000e\000s}{section.1.1}% 13
\BOOKMARK [2][-]{subsection.1.1.12}{\376\377\0001\000.\0001\000.\0001\0002\000\040\000F\000l\000o\000w\000C\000h\000a\000r\000t\000s}{section.1.1}% 14
\BOOKMARK [2][-]{subsection.1.1.13}{\376\377\0001\000.\0001\000.\0001\0003\000\040\000I\000m\000p\000o\000r\000t\000a\000n\000t\000\040\000C\000o\000n\000s\000t\000a\000n\000t\000s}{section.1.1}% 15
\BOOKMARK [1][-]{section.1.2}{\376\377\0001\000.\0002\000\040\000P\000r\000e\000-\000r\000e\000q\000u\000i\000s\000i\000t\000e\000s}{chapter.1}% 16
\BOOKMARK [1][-]{section.1.3}{\376\377\0001\000.\0003\000\040\000H\000a\000r\000d\000w\000a\000r\000e}{chapter.1}% 17
\BOOKMARK [2][-]{subsection.1.3.1}{\376\377\0001\000.\0003\000.\0001\000\040\000P\000e\000r\000i\000p\000h\000e\000r\000a\000l\000s}{section.1.3}% 18
\BOOKMARK [2][-]{subsection.1.3.2}{\376\377\0001\000.\0003\000.\0002\000\040\000A\000r\000d\000u\000i\000n\000o\000\040\000I\000D\000E}{section.1.3}% 19
\BOOKMARK [3][-]{subsubsection.1.3.2.1}{\376\377\0001\000.\0003\000.\0002\000.\0001\000\040\000P\000y\000s\000e\000r\000i\000a\000l}{subsection.1.3.2}% 20
\BOOKMARK [3][-]{subsubsection.1.3.2.2}{\376\377\0001\000.\0003\000.\0002\000.\0002\000\040\000E\000S\000P\0003\0002\000\040\000A\000r\000d\000u\000i\000n\000o\000\040\000c\000o\000r\000e}{subsection.1.3.2}% 21
\BOOKMARK [3][-]{subsubsection.1.3.2.3}{\376\377\0001\000.\0003\000.\0002\000.\0003\000\040\000R\000e\000q\000u\000i\000r\000e\000d\000\040\000L\000i\000b\000r\000a\000r\000i\000e\000s}{subsection.1.3.2}% 22
\BOOKMARK [2][-]{subsection.1.3.3}{\376\377\0001\000.\0003\000.\0003\000\040\000F\000i\000r\000m\000w\000a\000r\000e\000\040\000U\000p\000l\000o\000a\000d\000i\000n\000g}{section.1.3}% 23
\BOOKMARK [1][-]{section.1.4}{\376\377\0001\000.\0004\000\040\000W\000i\000r\000i\000n\000g\000s}{chapter.1}% 24
\BOOKMARK [1][-]{section.1.5}{\376\377\0001\000.\0005\000\040\000K\000n\000o\000w\000n\000\040\000B\000u\000g\000s}{chapter.1}% 25
\BOOKMARK [2][-]{subsection.1.5.1}{\376\377\0001\000.\0005\000.\0001\000\040\000S\000o\000m\000e\000\040\000O\000b\000s\000e\000r\000v\000a\000t\000i\000o\000n\000s}{section.1.5}% 26
\BOOKMARK [1][-]{section.1.6}{\376\377\0001\000.\0006\000\040\000C\000h\000a\000n\000g\000e\000\040\000L\000o\000g}{chapter.1}% 27
\BOOKMARK [2][-]{subsection.1.6.1}{\376\377\0001\000.\0006\000.\0001\000\040\000F\000I\000R\000M\000W\000A\000R\000E\000\137\000V\000E\000R\000S\000I\000O\000N\000\040\0000\000.\0008\000.\0006\000.\0001\000\040\000o\000n\000w\000a\000r\000d\000s}{section.1.6}% 28
\BOOKMARK [2][-]{subsection.1.6.2}{\376\377\0001\000.\0006\000.\0002\000\040\000F\000I\000R\000M\000W\000A\000R\000E\000\137\000V\000E\000R\000S\000I\000O\000N\000\040\0000\000.\0008\000.\0006\000\040\000a\000n\000d\000\040\000o\000l\000d\000e\000r}{section.1.6}% 29
\BOOKMARK [1][-]{section.1.7}{\376\377\0001\000.\0007\000\040\000Q\000u\000i\000c\000k\000\040\000D\000e\000b\000u\000g\000g\000i\000n\000g}{chapter.1}% 30
\BOOKMARK [1][-]{section.1.8}{\376\377\0001\000.\0008\000\040\000A\000u\000t\000h\000o\000r\000\050\000s\000\051}{chapter.1}% 31
\BOOKMARK [1][-]{section.1.9}{\376\377\0001\000.\0009\000\040\000L\000i\000c\000e\000n\000s\000e}{chapter.1}% 32
\BOOKMARK [2][-]{subsection.1.9.1}{\376\377\0001\000.\0009\000.\0001\000\040\000A\000c\000k\000n\000o\000w\000l\000e\000d\000g\000m\000e\000n\000t\000s}{section.1.9}% 33
\BOOKMARK [2][-]{subsection.1.9.2}{\376\377\0001\000.\0009\000.\0002\000\040\000M\000I\000T\000\040\000L\000i\000c\000e\000n\000s\000e}{section.1.9}% 34
\BOOKMARK [2][-]{subsection.1.9.3}{\376\377\0001\000.\0009\000.\0003\000\040\000U\0008\000g\0002\000l\000i\000b\000\040\000L\000i\000c\000e\000n\000s\000e}{section.1.9}% 35
\BOOKMARK [2][-]{subsection.1.9.4}{\376\377\0001\000.\0009\000.\0004\000\040\000E\000s\000p\000r\000e\000s\000s\000i\000f\000\040\000S\000y\000s\000t\000e\000m\000s\000\040\000L\000i\000c\000e\000n\000s\000e}{section.1.9}% 36
\BOOKMARK [0][-]{chapter.2}{\376\377\0002\000\040\000H\000i\000e\000r\000a\000r\000c\000h\000i\000c\000a\000l\000\040\000I\000n\000d\000e\000x}{}% 37
\BOOKMARK [1][-]{section.2.1}{\376\377\0002\000.\0001\000\040\000C\000l\000a\000s\000s\000\040\000H\000i\000e\000r\000a\000r\000c\000h\000y}{chapter.2}% 38
\BOOKMARK [0][-]{chapter.3}{\376\377\0003\000\040\000C\000l\000a\000s\000s\000\040\000I\000n\000d\000e\000x}{}% 39
\BOOKMARK [1][-]{section.3.1}{\376\377\0003\000.\0001\000\040\000C\000l\000a\000s\000s\000\040\000L\000i\000s\000t}{chapter.3}% 40
\BOOKMARK [0][-]{chapter.4}{\376\377\0004\000\040\000F\000i\000l\000e\000\040\000I\000n\000d\000e\000x}{}% 41
\BOOKMARK [1][-]{section.4.1}{\376\377\0004\000.\0001\000\040\000F\000i\000l\000e\000\040\000L\000i\000s\000t}{chapter.4}% 42
\BOOKMARK [0][-]{chapter.5}{\376\377\0005\000\040\000C\000l\000a\000s\000s\000\040\000D\000o\000c\000u\000m\000e\000n\000t\000a\000t\000i\000o\000n}{}% 43
\BOOKMARK [1][-]{section.5.1}{\376\377\0005\000.\0001\000\040\000m\000y\000A\000u\000t\000o\000C\000o\000n\000n\000e\000c\000t\000\040\000C\000l\000a\000s\000s\000\040\000R\000e\000f\000e\000r\000e\000n\000c\000e}{chapter.5}% 44
\BOOKMARK [2][-]{subsection.5.1.1}{\376\377\0005\000.\0001\000.\0001\000\040\000D\000e\000t\000a\000i\000l\000e\000d\000\040\000D\000e\000s\000c\000r\000i\000p\000t\000i\000o\000n}{section.5.1}% 45
\BOOKMARK [2][-]{subsection.5.1.2}{\376\377\0005\000.\0001\000.\0002\000\040\000C\000o\000n\000s\000t\000r\000u\000c\000t\000o\000r\000\040\000\046\000\040\000D\000e\000s\000t\000r\000u\000c\000t\000o\000r\000\040\000D\000o\000c\000u\000m\000e\000n\000t\000a\000t\000i\000o\000n}{section.5.1}% 46
\BOOKMARK [3][-]{subsubsection.5.1.2.1}{\376\377\0005\000.\0001\000.\0002\000.\0001\000\040\000m\000y\000A\000u\000t\000o\000C\000o\000n\000n\000e\000c\000t\000\050\000\051}{subsection.5.1.2}% 47
\BOOKMARK [2][-]{subsection.5.1.3}{\376\377\0005\000.\0001\000.\0003\000\040\000M\000e\000m\000b\000e\000r\000\040\000F\000u\000n\000c\000t\000i\000o\000n\000\040\000D\000o\000c\000u\000m\000e\000n\000t\000a\000t\000i\000o\000n}{section.5.1}% 48
\BOOKMARK [3][-]{subsubsection.5.1.3.1}{\376\377\0005\000.\0001\000.\0003\000.\0001\000\040\000\137\000w\000a\000i\000t\000F\000o\000r\000C\000o\000n\000n\000e\000c\000t\000\050\000\051}{subsection.5.1.3}% 49
\BOOKMARK [3][-]{subsubsection.5.1.3.2}{\376\377\0005\000.\0001\000.\0003\000.\0002\000\040\000b\000e\000g\000i\000n\000\050\000\051\000\040\000[\0001\000/\0002\000]}{subsection.5.1.3}% 50
\BOOKMARK [3][-]{subsubsection.5.1.3.3}{\376\377\0005\000.\0001\000.\0003\000.\0003\000\040\000b\000e\000g\000i\000n\000\050\000\051\000\040\000[\0002\000/\0002\000]}{subsection.5.1.3}% 51
\BOOKMARK [0][-]{chapter.6}{\376\377\0006\000\040\000F\000i\000l\000e\000\040\000D\000o\000c\000u\000m\000e\000n\000t\000a\000t\000i\000o\000n}{}% 52
\BOOKMARK [1][-]{section.6.1}{\376\377\0006\000.\0001\000\040\000e\000s\000p\0003\0002\000-\000s\000t\000a\000t\000i\000o\000n\000a\000r\000y\000/\000c\000r\000e\000a\000t\000e\000\137\000j\000s\000o\000n\000.\000h\000\040\000F\000i\000l\000e\000\040\000R\000e\000f\000e\000r\000e\000n\000c\000e}{chapter.6}% 53
\BOOKMARK [2][-]{subsection.6.1.1}{\376\377\0006\000.\0001\000.\0001\000\040\000D\000e\000t\000a\000i\000l\000e\000d\000\040\000D\000e\000s\000c\000r\000i\000p\000t\000i\000o\000n}{section.6.1}% 54
\BOOKMARK [2][-]{subsection.6.1.2}{\376\377\0006\000.\0001\000.\0002\000\040\000F\000u\000n\000c\000t\000i\000o\000n\000\040\000D\000o\000c\000u\000m\000e\000n\000t\000a\000t\000i\000o\000n}{section.6.1}% 55
\BOOKMARK [3][-]{subsubsection.6.1.2.1}{\376\377\0006\000.\0001\000.\0002\000.\0001\000\040\000j\000s\000o\000n\000\137\000m\000a\000d\000a\000v\000i\000\050\000\051}{subsection.6.1.2}% 56
\BOOKMARK [3][-]{subsubsection.6.1.2.2}{\376\377\0006\000.\0001\000.\0002\000.\0002\000\040\000j\000s\000o\000n\000\137\000R\000H\000T\000\050\000\051}{subsection.6.1.2}% 57
\BOOKMARK [3][-]{subsubsection.6.1.2.3}{\376\377\0006\000.\0001\000.\0002\000.\0003\000\040\000j\000s\000o\000n\000\137\000s\000d\000s\000\050\000\051}{subsection.6.1.2}% 58
\BOOKMARK [2][-]{subsection.6.1.3}{\376\377\0006\000.\0001\000.\0003\000\040\000V\000a\000r\000i\000a\000b\000l\000e\000\040\000D\000o\000c\000u\000m\000e\000n\000t\000a\000t\000i\000o\000n}{section.6.1}% 59
\BOOKMARK [3][-]{subsubsection.6.1.3.1}{\376\377\0006\000.\0001\000.\0003\000.\0001\000\040\000u\000s\000e\000\137\000b\000m\000e\0002\0008\0000}{subsection.6.1.3}% 60
\BOOKMARK [3][-]{subsubsection.6.1.3.2}{\376\377\0006\000.\0001\000.\0003\000.\0002\000\040\000u\000s\000e\000\137\000d\000h\000t\0002\0002}{subsection.6.1.3}% 61
\BOOKMARK [1][-]{section.6.2}{\376\377\0006\000.\0002\000\040\000e\000s\000p\0003\0002\000-\000s\000t\000a\000t\000i\000o\000n\000a\000r\000y\000/\000d\000i\000s\000p\000l\000a\000y\000.\000h\000\040\000F\000i\000l\000e\000\040\000R\000e\000f\000e\000r\000e\000n\000c\000e}{chapter.6}% 62
\BOOKMARK [2][-]{subsection.6.2.1}{\376\377\0006\000.\0002\000.\0001\000\040\000D\000e\000t\000a\000i\000l\000e\000d\000\040\000D\000e\000s\000c\000r\000i\000p\000t\000i\000o\000n}{section.6.2}% 63
\BOOKMARK [2][-]{subsection.6.2.2}{\376\377\0006\000.\0002\000.\0002\000\040\000F\000u\000n\000c\000t\000i\000o\000n\000\040\000D\000o\000c\000u\000m\000e\000n\000t\000a\000t\000i\000o\000n}{section.6.2}% 64
\BOOKMARK [3][-]{subsubsection.6.2.2.1}{\376\377\0006\000.\0002\000.\0002\000.\0001\000\040\000d\000i\000s\000p\000l\000a\000y\000Q\000R\000C\000o\000d\000e\000\050\000\051}{subsection.6.2.2}% 65
\BOOKMARK [3][-]{subsubsection.6.2.2.2}{\376\377\0006\000.\0002\000.\0002\000.\0002\000\040\000g\000e\000n\000e\000r\000a\000t\000e\000Q\000R\000C\000o\000d\000e\000\050\000\051}{subsection.6.2.2}% 66
\BOOKMARK [1][-]{section.6.3}{\376\377\0006\000.\0003\000\040\000e\000s\000p\0003\0002\000-\000s\000t\000a\000t\000i\000o\000n\000a\000r\000y\000/\000e\000s\000p\0003\0002\000-\000s\000t\000a\000t\000i\000o\000n\000a\000r\000y\000.\000i\000n\000o\000\040\000F\000i\000l\000e\000\040\000R\000e\000f\000e\000r\000e\000n\000c\000e}{chapter.6}% 67
\BOOKMARK [2][-]{subsection.6.3.1}{\376\377\0006\000.\0003\000.\0001\000\040\000D\000e\000t\000a\000i\000l\000e\000d\000\040\000D\000e\000s\000c\000r\000i\000p\000t\000i\000o\000n}{section.6.3}% 68
\BOOKMARK [2][-]{subsection.6.3.2}{\376\377\0006\000.\0003\000.\0002\000\040\000F\000u\000n\000c\000t\000i\000o\000n\000\040\000D\000o\000c\000u\000m\000e\000n\000t\000a\000t\000i\000o\000n}{section.6.3}% 69
\BOOKMARK [3][-]{subsubsection.6.3.2.1}{\376\377\0006\000.\0003\000.\0002\000.\0001\000\040\000l\000o\000o\000p\000\050\000\051}{subsection.6.3.2}% 70
\BOOKMARK [3][-]{subsubsection.6.3.2.2}{\376\377\0006\000.\0003\000.\0002\000.\0002\000\040\000s\000e\000t\000u\000p\000\050\000\051}{subsection.6.3.2}% 71
\BOOKMARK [1][-]{section.6.4}{\376\377\0006\000.\0004\000\040\000e\000s\000p\0003\0002\000-\000s\000t\000a\000t\000i\000o\000n\000a\000r\000y\000/\000m\000a\000i\000n\000.\000h\000\040\000F\000i\000l\000e\000\040\000R\000e\000f\000e\000r\000e\000n\000c\000e}{chapter.6}% 72
\BOOKMARK [2][-]{subsection.6.4.1}{\376\377\0006\000.\0004\000.\0001\000\040\000D\000e\000t\000a\000i\000l\000e\000d\000\040\000D\000e\000s\000c\000r\000i\000p\000t\000i\000o\000n}{section.6.4}% 73
\BOOKMARK [2][-]{subsection.6.4.2}{\376\377\0006\000.\0004\000.\0002\000\040\000M\000a\000c\000r\000o\000\040\000D\000e\000f\000i\000n\000i\000t\000i\000o\000n\000\040\000D\000o\000c\000u\000m\000e\000n\000t\000a\000t\000i\000o\000n}{section.6.4}% 74
\BOOKMARK [3][-]{subsubsection.6.4.2.1}{\376\377\0006\000.\0004\000.\0002\000.\0001\000\040\000B\000A\000S\000E\000\137\000U\000R\000L}{subsection.6.4.2}% 75
\BOOKMARK [2][-]{subsection.6.4.3}{\376\377\0006\000.\0004\000.\0003\000\040\000F\000u\000n\000c\000t\000i\000o\000n\000\040\000D\000o\000c\000u\000m\000e\000n\000t\000a\000t\000i\000o\000n}{section.6.4}% 76
\BOOKMARK [3][-]{subsubsection.6.4.3.1}{\376\377\0006\000.\0004\000.\0003\000.\0001\000\040\000c\000r\000e\000a\000t\000e\000E\000n\000t\000i\000t\000i\000e\000s\000\050\000\051}{subsection.6.4.3}% 77
\BOOKMARK [3][-]{subsubsection.6.4.3.2}{\376\377\0006\000.\0004\000.\0003\000.\0002\000\040\000c\000r\000e\000a\000t\000e\000E\000n\000t\000i\000t\000y\000\050\000\051}{subsection.6.4.3}% 78
\BOOKMARK [3][-]{subsubsection.6.4.3.3}{\376\377\0006\000.\0004\000.\0003\000.\0003\000\040\000c\000r\000e\000a\000t\000e\000O\000r\000P\000a\000t\000c\000h\000E\000n\000t\000i\000t\000i\000e\000s\000\050\000\051}{subsection.6.4.3}% 79
\BOOKMARK [3][-]{subsubsection.6.4.3.4}{\376\377\0006\000.\0004\000.\0003\000.\0004\000\040\000c\000r\000e\000a\000t\000e\000O\000r\000U\000p\000d\000a\000t\000e\000E\000n\000t\000i\000t\000i\000e\000s\000\050\000\051}{subsection.6.4.3}% 80
\BOOKMARK [3][-]{subsubsection.6.4.3.5}{\376\377\0006\000.\0004\000.\0003\000.\0005\000\040\000g\000e\000t\000E\000n\000t\000i\000t\000y\000\050\000\051}{subsection.6.4.3}% 81
\BOOKMARK [3][-]{subsubsection.6.4.3.6}{\376\377\0006\000.\0004\000.\0003\000.\0006\000\040\000g\000e\000t\000E\000n\000t\000i\000t\000y\000R\000e\000s\000p\000o\000n\000s\000e\000\050\000\051}{subsection.6.4.3}% 82
\BOOKMARK [3][-]{subsubsection.6.4.3.7}{\376\377\0006\000.\0004\000.\0003\000.\0007\000\040\000p\000a\000t\000c\000h\000E\000n\000t\000i\000t\000y\000\050\000\051}{subsection.6.4.3}% 83
\BOOKMARK [3][-]{subsubsection.6.4.3.8}{\376\377\0006\000.\0004\000.\0003\000.\0008\000\040\000p\000o\000s\000t\000O\000b\000s\000e\000r\000v\000a\000t\000i\000o\000n\000\050\000\051}{subsection.6.4.3}% 84
\BOOKMARK [3][-]{subsubsection.6.4.3.9}{\376\377\0006\000.\0004\000.\0003\000.\0009\000\040\000t\000o\000H\000E\000X\000S\000H\000A\000\050\000\051}{subsection.6.4.3}% 85
\BOOKMARK [2][-]{subsection.6.4.4}{\376\377\0006\000.\0004\000.\0004\000\040\000V\000a\000r\000i\000a\000b\000l\000e\000\040\000D\000o\000c\000u\000m\000e\000n\000t\000a\000t\000i\000o\000n}{section.6.4}% 86
\BOOKMARK [3][-]{subsubsection.6.4.4.1}{\376\377\0006\000.\0004\000.\0004\000.\0001\000\040\000e\000s\000p\0003\0002\000\137\000c\000h\000i\000p\000i\000d}{subsection.6.4.4}% 87
\BOOKMARK [3][-]{subsubsection.6.4.4.2}{\376\377\0006\000.\0004\000.\0004\000.\0002\000\040\000h\000t\000t\000p\000\137\000e\000r\000r\000o\000r}{subsection.6.4.4}% 88
\BOOKMARK [3][-]{subsubsection.6.4.4.3}{\376\377\0006\000.\0004\000.\0004\000.\0003\000\040\000l\000i\000c\000e\000n\000s\000e\000\137\000t\000y\000p\000e}{subsection.6.4.4}% 89
\BOOKMARK [3][-]{subsubsection.6.4.4.4}{\376\377\0006\000.\0004\000.\0004\000.\0004\000\040\000u\000s\000e\000\137\000b\000m\000e\0002\0008\0000}{subsection.6.4.4}% 90
\BOOKMARK [3][-]{subsubsection.6.4.4.5}{\376\377\0006\000.\0004\000.\0004\000.\0005\000\040\000u\000s\000e\000\137\000d\000h\000t\0002\0002}{subsection.6.4.4}% 91
\BOOKMARK [1][-]{section.6.5}{\376\377\0006\000.\0005\000\040\000e\000s\000p\0003\0002\000-\000s\000t\000a\000t\000i\000o\000n\000a\000r\000y\000/\000m\000y\000A\000u\000t\000o\000C\000o\000n\000n\000e\000c\000t\000.\000h\000\040\000F\000i\000l\000e\000\040\000R\000e\000f\000e\000r\000e\000n\000c\000e}{chapter.6}% 92
\BOOKMARK [2][-]{subsection.6.5.1}{\376\377\0006\000.\0005\000.\0001\000\040\000D\000e\000t\000a\000i\000l\000e\000d\000\040\000D\000e\000s\000c\000r\000i\000p\000t\000i\000o\000n}{section.6.5}% 93
\BOOKMARK [1][-]{section.6.6}{\376\377\0006\000.\0006\000\040\000e\000s\000p\0003\0002\000-\000s\000t\000a\000t\000i\000o\000n\000a\000r\000y\000/\000n\000v\000s\000\137\000s\000t\000o\000r\000a\000g\000e\000.\000h\000\040\000F\000i\000l\000e\000\040\000R\000e\000f\000e\000r\000e\000n\000c\000e}{chapter.6}% 94
\BOOKMARK [2][-]{subsection.6.6.1}{\376\377\0006\000.\0006\000.\0001\000\040\000D\000e\000t\000a\000i\000l\000e\000d\000\040\000D\000e\000s\000c\000r\000i\000p\000t\000i\000o\000n}{section.6.6}% 95
\BOOKMARK [2][-]{subsection.6.6.2}{\376\377\0006\000.\0006\000.\0002\000\040\000F\000u\000n\000c\000t\000i\000o\000n\000\040\000D\000o\000c\000u\000m\000e\000n\000t\000a\000t\000i\000o\000n}{section.6.6}% 96
\BOOKMARK [3][-]{subsubsection.6.6.2.1}{\376\377\0006\000.\0006\000.\0002\000.\0001\000\040\000g\000e\000t\000\137\000i\000n\000t\000e\000g\000e\000r\000\050\000\051}{subsection.6.6.2}% 97
\BOOKMARK [3][-]{subsubsection.6.6.2.2}{\376\377\0006\000.\0006\000.\0002\000.\0002\000\040\000g\000e\000t\000\137\000v\000a\000l\000u\000e\000\050\000\051}{subsection.6.6.2}% 98
\BOOKMARK [3][-]{subsubsection.6.6.2.3}{\376\377\0006\000.\0006\000.\0002\000.\0003\000\040\000s\000e\000t\000\137\000i\000n\000t\000e\000g\000e\000r\000\050\000\051}{subsection.6.6.2}% 99
\BOOKMARK [3][-]{subsubsection.6.6.2.4}{\376\377\0006\000.\0006\000.\0002\000.\0004\000\040\000s\000e\000t\000\137\000v\000a\000l\000u\000e\000\050\000\051}{subsection.6.6.2}% 100
\BOOKMARK [1][-]{section.6.7}{\376\377\0006\000.\0007\000\040\000e\000s\000p\0003\0002\000-\000s\000t\000a\000t\000i\000o\000n\000a\000r\000y\000/\000s\000e\000n\000d\000\137\000d\000a\000t\000a\000.\000h\000\040\000F\000i\000l\000e\000\040\000R\000e\000f\000e\000r\000e\000n\000c\000e}{chapter.6}% 101
\BOOKMARK [2][-]{subsection.6.7.1}{\376\377\0006\000.\0007\000.\0001\000\040\000D\000e\000t\000a\000i\000l\000e\000d\000\040\000D\000e\000s\000c\000r\000i\000p\000t\000i\000o\000n}{section.6.7}% 102
\BOOKMARK [2][-]{subsection.6.7.2}{\376\377\0006\000.\0007\000.\0002\000\040\000F\000u\000n\000c\000t\000i\000o\000n\000\040\000D\000o\000c\000u\000m\000e\000n\000t\000a\000t\000i\000o\000n}{section.6.7}% 103
\BOOKMARK [3][-]{subsubsection.6.7.2.1}{\376\377\0006\000.\0007\000.\0002\000.\0001\000\040\000s\000e\000n\000d\000D\000a\000t\000a\000\050\000\051}{subsection.6.7.2}% 104
\BOOKMARK [2][-]{subsection.6.7.3}{\376\377\0006\000.\0007\000.\0003\000\040\000V\000a\000r\000i\000a\000b\000l\000e\000\040\000D\000o\000c\000u\000m\000e\000n\000t\000a\000t\000i\000o\000n}{section.6.7}% 105
\BOOKMARK [3][-]{subsubsection.6.7.3.1}{\376\377\0006\000.\0007\000.\0003\000.\0001\000\040\000e\000s\000p\0003\0002\000\137\000c\000h\000i\000p\000i\000d}{subsection.6.7.3}% 106
\BOOKMARK [3][-]{subsubsection.6.7.3.2}{\376\377\0006\000.\0007\000.\0003\000.\0002\000\040\000u\000s\000e\000\137\000b\000m\000e\0002\0008\0000}{subsection.6.7.3}% 107
\BOOKMARK [3][-]{subsubsection.6.7.3.3}{\376\377\0006\000.\0007\000.\0003\000.\0003\000\040\000u\000s\000e\000\137\000d\000h\000t\0002\0002}{subsection.6.7.3}% 108
\BOOKMARK [1][-]{section.6.8}{\376\377\0006\000.\0008\000\040\000e\000s\000p\0003\0002\000-\000s\000t\000a\000t\000i\000o\000n\000a\000r\000y\000/\000s\000e\000n\000s\000o\000r\000.\000h\000\040\000F\000i\000l\000e\000\040\000R\000e\000f\000e\000r\000e\000n\000c\000e}{chapter.6}% 109
\BOOKMARK [2][-]{subsection.6.8.1}{\376\377\0006\000.\0008\000.\0001\000\040\000D\000e\000t\000a\000i\000l\000e\000d\000\040\000D\000e\000s\000c\000r\000i\000p\000t\000i\000o\000n}{section.6.8}% 110
\BOOKMARK [1][-]{section.6.9}{\376\377\0006\000.\0009\000\040\000e\000s\000p\0003\0002\000-\000s\000t\000a\000t\000i\000o\000n\000a\000r\000y\000/\000t\000i\000m\000e\000r\000\137\000d\000e\000f\000i\000n\000i\000t\000i\000o\000n\000s\000.\000h\000\040\000F\000i\000l\000e\000\040\000R\000e\000f\000e\000r\000e\000n\000c\000e}{chapter.6}% 111
\BOOKMARK [2][-]{subsection.6.9.1}{\376\377\0006\000.\0009\000.\0001\000\040\000D\000e\000t\000a\000i\000l\000e\000d\000\040\000D\000e\000s\000c\000r\000i\000p\000t\000i\000o\000n}{section.6.9}% 112
\BOOKMARK [2][-]{subsection.6.9.2}{\376\377\0006\000.\0009\000.\0002\000\040\000F\000u\000n\000c\000t\000i\000o\000n\000\040\000D\000o\000c\000u\000m\000e\000n\000t\000a\000t\000i\000o\000n}{section.6.9}% 113
\BOOKMARK [3][-]{subsubsection.6.9.2.1}{\376\377\0006\000.\0009\000.\0002\000.\0001\000\040\000r\000e\000s\000e\000t\000M\000o\000d\000u\000l\000e\000\050\000\051}{subsection.6.9.2}% 114
\BOOKMARK [0][-]{section*.33}{\376\377\000I\000n\000d\000e\000x}{}% 115
