SSH-2.0-ssh2js1.4.0
SSH-2.0-OpenSSH_7.6p1 Ubuntu-4ubuntu0.5
{ Id: 'A1', pm25: 21.00, pm10: 30.00, temp: 4.00, hum: 11.00, atm: 0.00 , loc: $GNGGA,000032.264,4900.5061,N,00825.4025,E,0,0,,102.1,M,47.9,M,,*57 }
SSH-2.0-Renci.SshNet.SshClient.0.0.1
{ Id: 'A1', pm25: 24.00, pm10: 32.00, temp: 9.00, hum: 17.00, atm: 0.00 , loc: $GNGGA,000032.264,4900.5061,N,00825.4025,E,0,0,,102.1,M,47.9,M,,*57 }
{ Id: 'A1', pm25: 21.00, pm10: 30.00, temp: 5.00, hum: 15.00, atm: 1.00 , loc: $GNGGA,000043.264,4900.5061,N,00825.4025,E,0,0,,102.1,M,47.9,M,,*51 }
{ Id: 'A1', pm25: 23.00, pm10: 33.00, temp: 5.00, hum: 19.00, atm: 2.00 , loc: $GNGGA,000054.264,4900.5061,N,00825.4025,E,0,0,,102.1,M,47.9,M,,*57 }
{ Id: 'A1', pm25: 24.00, pm10: 32.00, temp: 5.00, hum: 18.00, atm: 3.00 , loc: $GNGGA,000105.264,4900.5061,N,00825.4025,E,0,0,,102.1,M,47.9,M,,*52 }
{ Id: 'A1', pm25: 22.00, pm10: 32.00, temp: 4.00, hum: 12.00, atm: 4.00 , loc: $GNGGA,000116.264,4900.5061,N,00825.4025,E,0,0,,102.1,M,47.9,M,,*50 }
{ Id: 'A1', pm25: 22.00, pm10: 32.00, temp: 8.00, hum: 11.00, atm: 5.00 , loc: $GNGGA,000127.264,4900.5061,N,00825.4025,E,0,0,,102.1,M,47.9,M,,*52 }
{ Id: 'A1', pm25: 21.00, pm10: 31.00, temp: 6.00, hum: 15.00, atm: 6.00 , loc: $GNGGA,000138.264,4900.5061,N,00825.4025,E,0,0,,102.1,M,47.9,M,,*5C }
{ Id: 'A1', pm25: 24.00, pm10: 34.00, temp: 4.00, hum: 18.00, atm: 7.00 , loc: $GNGGA,000149.264,4900.5061,N,00825.4025,E,0,0,,102.1,M,47.9,M,,*5A }
SSH-2.0-OpenSSH_7.6p1 Ubuntu-4ubuntu0.5
{ Id: 'A1', pm25: 23.00, pm10: 32.00, temp: 5.00, hum: 19.00, atm: 8.00 , loc: $GNGGA,000200.264,4900.5061,N,00825.4025,E,0,0,,102.1,M,47.9,M,,*54 }
{ Id: 'A1', pm25: 22.00, pm10: 32.00, temp: 4.00, hum: 14.00, atm: 9.00 , loc: $GNGGA,000211.264,4900.5061,N,00825.4025,E,0,0,,102.1,M,47.9,M,,*54 }
{ Id: 'A1', pm25: 22.00, pm10: 32.00, temp: 9.00, hum: 11.00, atm: 10.00 , loc: $GNGGA,000222.264,4900.5061,N,00825.4025,E,0,0,,102.1,M,47.9,M,,*54 }
{ Id: 'A1', pm25: 24.00, pm10: 32.00, temp: 4.00, hum: 14.00, atm: 11.00 , loc: $GNGGA,000233.264,4900.5061,N,00825.4025,E,0,0,,102.1,M,47.9,M,,*54 }
{ Id: 'A1', pm25: 23.00, pm10: 34.00, temp: 6.00, hum: 18.00, atm: 12.00 , loc: $GNGGA,000244.264,4900.5061,N,00825.4025,E,0,0,,102.1,M,47.9,M,,*54 }
{ Id: 'A1', pm25: 24.00, pm10: 34.00, temp: 5.00, hum: 12.00, atm: 13.00 , loc: $GNGGA,000255.264,4900.5061,N,00825.4025,E,0,0,,102.1,M,47.9,M,,*54 }
{ Id: 'A1', pm25: 20.00, pm10: 32.00, temp: 9.00, hum: 11.00, atm: 14.00 , loc: $GNGGA,000306.264,4900.5061,N,00825.4025,E,0,0,,102.1,M,47.9,M,,*53 }
{ Id: 'A1', pm25: 21.00, pm10: 34.00, temp: 9.00, hum: 19.00, atm: 15.00 , loc: $GNGGA,000317.264,4900.5061,N,00825.4025,E,0,0,,102.1,M,47.9,M,,*53 }
{ Id: 'A1', pm25: 24.00, pm10: 33.00, temp: 5.00, hum: 13.00, atm: 16.00 , loc: $GNGGA,000328.264,4900.5061,N,00825.4025,E,0,0,,102.1,M,47.9,M,,*5F }
{ Id: 'A1', pm25: 24.00, pm10: 31.00, temp: 4.00, hum: 19.00, atm: 17.00 , loc: $GNGGA,000339.264,4900.5061,N,00825.4025,E,0,0,,102.1,M,47.9,M,,*5F }
{ Id: 'A1', pm25: 24.00, pm10: 32.00, temp: 3.00, hum: 11.00, atm: 18.00 , loc: $GNGGA,000350.264,4900.5061,N,00825.4025,E,0,0,,102.1,M,47.9,M,,*50 }
{ Id: 'A1', pm25: 23.00, pm10: 32.00, temp: 9.00, hum: 16.00, atm: 19.00 , loc: $GNGGA,000401.264,4900.5061,N,00825.4025,E,0,0,,102.1,M,47.9,M,,*53 }
{ Id: 'A1', pm25: 22.00, pm10: 34.00, temp: 5.00, hum: 10.00, atm: 20.00 , loc: $GNGGA,000412.264,4900.5061,N,00825.4025,E,0,0,,102.1,M,47.9,M,,*51 }
{ Id: 'A1', pm25: 23.00, pm10: 34.00, temp: 4.00, hum: 18.00, atm: 21.00 , loc: $GNGGA,000423.264,4900.5061,N,00825.4025,E,0,0,,102.1,M,47.9,M,,*53 }
{ Id: 'A1', pm25: 21.00, pm10: 32.00, temp: 7.00, hum: 18.00, atm: 22.00 , loc: $GNGGA,000434.264,4900.5061,N,00825.4025,E,0,0,,102.1,M,47.9,M,,*55 }
{ Id: 'A1', pm25: 20.00, pm10: 31.00, temp: 8.00, hum: 17.00, atm: 23.00 , loc: $GNGGA,000445.264,4900.5061,N,00825.4025,E,0,0,,102.1,M,47.9,M,,*53 }
{ Id: 'A1', pm25: 20.00, pm10: 34.00, temp: 9.00, hum: 11.00, atm: 24.00 , loc: $GNGGA,000456.264,4900.5061,N,00825.4025,E,0,0,,102.1,M,47.9,M,,*51 }
{ Id: 'A1', pm25: 22.00, pm10: 33.00, temp: 3.00, hum: 19.00, atm: 25.00 , loc: $GNGGA,000507.264,4900.5061,N,00825.4025,E,0,0,,102.1,M,47.9,M,,*54 }
{ Id: 'A1', pm25: 22.00, pm10: 30.00, temp: 6.00, hum: 13.00, atm: 26.00 , loc: $GNGGA,000518.264,4900.5061,N,00825.4025,E,0,0,,102.1,M,47.9,M,,*5A }
SSH-2.0-Renci.SshNet.SshClient.0.0.1
{ Id: 'A1', pm25: 21.00, pm10: 32.00, temp: 5.00, hum: 13.00, atm: 27.00 , loc: $GNGGA,000529.264,4900.5061,N,00825.4025,E,0,0,,102.1,M,47.9,M,,*58 }
{ Id: 'A1', pm25: 21.00, pm10: 30.00, temp: 8.00, hum: 15.00, atm: 28.00 , loc: $GNGGA,000540.264,4900.5061,N,00825.4025,E,0,0,,102.1,M,47.9,M,,*57 }
{ Id: 'A1', pm25: 22.00, pm10: 32.00, temp: 5.00, hum: 14.00, atm: 29.00 , loc: $GNGGA,000551.264,4900.5061,N,00825.4025,E,0,0,,102.1,M,47.9,M,,*57 }
{ Id: 'A1', pm25: 22.00, pm10: 31.00, temp: 5.00, hum: 17.00, atm: 30.00 , loc: $GNGGA,000602.264,4900.5061,N,00825.4025,E,0,0,,102.1,M,47.9,M,,*52 }
{ Id: 'A1', pm25: 21.00, pm10: 31.00, temp: 9.00, hum: 18.00, atm: 31.00 , loc: $GNGGA,000613.264,4900.5061,N,00825.4025,E,0,0,,102.1,M,47.9,M,,*52 }
{ Id: 'A1', pm25: 24.00, pm10: 30.00, temp: 5.00, hum: 14.00, atm: 32.00 , loc: $GNGGA,000624.264,4900.5061,N,00825.4025,E,0,0,,102.1,M,47.9,M,,*56 }
{ Id: 'A1', pm25: 23.00, pm10: 30.00, temp: 5.00, hum: 17.00, atm: 33.00 , loc: $GNGGA,000635.264,4900.5061,N,00825.4025,E,0,0,,102.1,M,47.9,M,,*56 }
{ Id: 'A1', pm25: 20.00, pm10: 33.00, temp: 3.00, hum: 15.00, atm: 34.00 , loc: $GNGGA,000646.264,4900.5061,N,00825.4025,E,0,0,,102.1,M,47.9,M,,*52 }
{ Id: 'A1', pm25: 23.00, pm10: 31.00, temp: 2.00, hum: 13.00, atm: 35.00 , loc: $GNGGA,000657.264,4900.5061,N,00825.4025,E,0,0,,102.1,M,47.9,M,,*52 }
{ Id: 'A1', pm25: 22.00, pm10: 33.00, temp: 4.00, hum: 15.00, atm: 36.00 , loc: $GNGGA,000708.264,4900.5061,N,00825.4025,E,0,0,,102.1,M,47.9,M,,*59 }
{ Id: 'A1', pm25: 21.00, pm10: 30.00, temp: 7.00, hum: 14.00, atm: 37.00 , loc: $GNGGA,000719.264,4900.5061,N,00825.4025,E,0,0,,102.1,M,47.9,M,,*59 }
{ Id: 'A1', pm25: 23.00, pm10: 32.00, temp: 8.00, hum: 18.00, atm: 38.00 , loc: $GNGGA,000730.264,4900.5061,N,00825.4025,E,0,0,,102.1,M,47.9,M,,*52 }
{ Id: 'A1', pm25: 24.00, pm10: 32.00, temp: 8.00, hum: 18.00, atm: 39.00 , loc: $GNGGA,000741.264,4900.5061,N,00825.4025,E,0,0,,102.1,M,47.9,M,,*54 }
{ Id: 'A1', pm25: 22.00, pm10: 30.00, temp: 3.00, hum: 10.00, atm: 40.00 , loc: $GNGGA,155744.095,4900.5061,N,00825.4025,E,0,0,,102.1,M,47.9,M,,*5C }
{ Id: 'A1', pm25: 23.00, pm10: 30.00, temp: 3.00, hum: 16.00, atm: 41.00 , loc: $GNGGA,155755.094,4900.5061,N,00825.4025,E,0,0,,102.1,M,47.9,M,,*5D }
{ Id: 'A1', pm25: 24.00, pm10: 30.00, temp: 7.00, hum: 19.00, atm: 42.00 , loc: $GNGGA,155806.094,4900.5061,N,00825.4025,E,0,0,,102.1,M,47.9,M,,*54 }
{ Id: 'A1', pm25: 23.00, pm10: 32.00, temp: 3.00, hum: 17.00, atm: 43.00 , loc: $GNGGA,155817.094,4900.5061,N,00825.4025,E,0,0,,102.1,M,47.9,M,,*54 }
{ Id: 'A1', pm25: 21.00, pm10: 30.00, temp: 4.00, hum: 18.00, atm: 44.00 , loc: $GNGGA,155828.089,4900.5061,N,00825.4025,E,0,0,,102.1,M,47.9,M,,*54 }
{ Id: 'A1', pm25: 22.00, pm10: 32.00, temp: 2.00, hum: 11.00, atm: 45.00 , loc: $GNGGA,155839.089,4900.5061,N,00825.4025,E,0,0,,102.1,M,47.9,M,,*54 }
{ Id: 'A1', pm25: 23.00, pm10: 33.00, temp: 4.00, hum: 12.00, atm: 46.00 , loc: $GNGGA,155850.089,4900.5061,N,00825.4025,E,0,0,,102.1,M,47.9,M,,*5B }
{ Id: 'A1', pm25: 24.00, pm10: 30.00, temp: 6.00, hum: 19.00, atm: 47.00 , loc: $GNGGA,155901.089,4900.5061,N,00825.4025,E,0,0,,102.1,M,47.9,M,,*5E }
{ Id: 'A1', pm25: 24.00, pm10: 33.00, temp: 4.00, hum: 13.00, atm: 48.00 , loc: $GNGGA,155912.089,4900.5061,N,00825.4025,E,0,0,,102.1,M,47.9,M,,*5C }
{ Id: 'A1', pm25: 23.00, pm10: 32.00, temp: 3.00, hum: 17.00, atm: 49.00 , loc: $GNGGA,155923.089,4900.5061,N,00825.4025,E,0,0,,102.1,M,47.9,M,,*5E }
{ Id: 'A1', pm25: 22.00, pm10: 30.00, temp: 7.00, hum: 19.00, atm: 50.00 , loc: $GNGGA,155934.089,4900.5061,N,00825.4025,E,0,0,,102.1,M,47.9,M,,*58 }
{ Id: 'A1', pm25: 22.00, pm10: 33.00, temp: 2.00, hum: 11.00, atm: 51.00 , loc: $GNGGA,155945.089,4900.5061,N,00825.4025,E,0,0,,102.1,M,47.9,M,,*5E }
{ Id: 'A1', pm25: 22.00, pm10: 34.00, temp: 3.00, hum: 10.00, atm: 52.00 , loc: $GNGGA,155956.089,4900.5061,N,00825.4025,E,0,0,,102.1,M,47.9,M,,*5C }
{ Id: 'A1', pm25: 20.00, pm10: 30.00, temp: 2.00, hum: 15.00, atm: 53.00 , loc: $GNGGA,160007.089,4900.5061,N,00825.4025,E,0,0,,102.1,M,47.9,M,,*57 }
{ Id: 'A1', pm25: 22.00, pm10: 33.00, temp: 8.00, hum: 11.00, atm: 54.00 , loc: $GNGGA,160018.089,4900.5061,N,00825.4025,E,0,0,,102.1,M,47.9,M,,*59 }
SSH-2.0-OpenSSH_7.6p1 Ubuntu-4ubuntu0.5
{ Id: 'A1', pm25: 24.00, pm10: 33.00, temp: 7.00, hum: 19.00, atm: 55.00 , loc: $GNGGA,160029.089,4900.5061,N,00825.4025,E,0,0,,102.1,M,47.9,M,,*5B }
{ Id: 'A1', pm25: 24.00, pm10: 30.00, temp: 4.00, hum: 16.00, atm: 56.00 , loc: $GNGGA,160040.089,4900.5061,N,00825.4025,E,0,0,,102.1,M,47.9,M,,*54 }
{ Id: 'A1', pm25: 22.00, pm10: 34.00, temp: 4.00, hum: 14.00, atm: 57.00 , loc: $GNGGA,160051.089,4900.5061,N,00825.4025,E,0,0,,102.1,M,47.9,M,,*54 }
{ Id: 'A1', pm25: 20.00, pm10: 31.00, temp: 5.00, hum: 10.00, atm: 58.00 , loc: $GNGGA,160102.089,4900.5061,N,00825.4025,E,0,0,,102.1,M,47.9,M,,*53 }
{ Id: 'A1', pm25: 24.00, pm10: 33.00, temp: 5.00, hum: 17.00, atm: 59.00 , loc: $GNGGA,160113.089,4900.5061,N,00825.4025,E,0,0,,102.1,M,47.9,M,,*53 }
{ Id: 'A1', pm25: 22.00, pm10: 33.00, temp: 3.00, hum: 18.00, atm: 60.00 , loc: $GNGGA,160124.089,4900.5061,N,00825.4025,E,0,0,,102.1,M,47.9,M,,*57 }
{ Id: 'A1', pm25: 23.00, pm10: 34.00, temp: 2.00, hum: 11.00, atm: 61.00 , loc: $GNGGA,160135.089,4900.5061,N,00825.4025,E,0,0,,102.1,M,47.9,M,,*57 }
{ Id: 'A1', pm25: 23.00, pm10: 32.00, temp: 5.00, hum: 10.00, atm: 62.00 , loc: $GNGGA,160146.089,4900.5061,N,00825.4025,E,0,0,,102.1,M,47.9,M,,*53 }
{ Id: 'A1', pm25: 21.00, pm10: 33.00, temp: 7.00, hum: 15.00, atm: 63.00 , loc: $GNGGA,160157.089,4900.5061,N,00825.4025,E,0,0,,102.1,M,47.9,M,,*53 }
{ Id: 'A1', pm25: 21.00, pm10: 31.00, temp: 5.00, hum: 10.00, atm: 64.00 , loc: $GNGGA,160208.089,4900.5061,N,00825.4025,E,0,0,,102.1,M,47.9,M,,*5A }
{ Id: 'A1', pm25: 24.00, pm10: 30.00, temp: 3.00, hum: 14.00, atm: 65.00 , loc: $GNGGA,160219.089,4900.5061,N,00825.4025,E,0,0,,102.1,M,47.9,M,,*5A }
{ Id: 'A1', pm25: 20.00, pm10: 34.00, temp: 9.00, hum: 18.00, atm: 66.00 , loc: $GNGGA,160230.089,4900.5061,N,00825.4025,E,0,0,,102.1,M,47.9,M,,*51 }
{ Id: 'A1', pm25: 20.00, pm10: 34.00, temp: 9.00, hum: 17.00, atm: 67.00 , loc: $GNGGA,160241.089,4900.5061,N,00825.4025,E,0,0,,102.1,M,47.9,M,,*57 }
{ Id: 'A1', pm25: 23.00, pm10: 34.00, temp: 2.00, hum: 16.00, atm: 68.00 , loc: $GNGGA,160252.089,4900.5061,N,00825.4025,E,0,0,,102.1,M,47.9,M,,*55 }
{ Id: 'A1', pm25: 21.00, pm10: 33.00, temp: 2.00, hum: 18.00, atm: 69.00 , loc: $GNGGA,160303.088,4900.5061,N,00825.4025,E,0,0,,102.1,M,47.9,M,,*51 }
{ Id: 'A1', pm25: 21.00, pm10: 31.00, temp: 3.00, hum: 12.00, atm: 70.00 , loc: $GNGGA,160313.306,4900.5061,N,00825.4025,E,0,0,,102.1,M,47.9,M,,*55 }
{ Id: 'A1', pm25: 22.00, pm10: 33.00, temp: 2.00, hum: 11.00, atm: 71.00 , loc: $GNGGA,160324.089,4900.5061,N,00825.4025,E,0,0,,102.1,M,47.9,M,,*55 }
{ Id: 'A1', pm25: 22.00, pm10: 31.00, temp: 2.00, hum: 17.00, atm: 72.00 , loc: $GNGGA,160335.089,4900.5061,N,00825.4025,E,0,0,,102.1,M,47.9,M,,*55 }
{ Id: 'A1', pm25: 24.00, pm10: 33.00, temp: 9.00, hum: 14.00, atm: 73.00 , loc: $GNGGA,160346.089,4900.5061,N,00825.4025,E,0,0,,102.1,M,47.9,M,,*51 }
{ Id: 'A1', pm25: 24.00, pm10: 31.00, temp: 4.00, hum: 11.00, atm: 74.00 , loc: $GNGGA,160357.089,4900.5061,N,00825.4025,E,0,0,,102.1,M,47.9,M,,*51 }
{ Id: 'A1', pm25: 20.00, pm10: 32.00, temp: 9.00, hum: 16.00, atm: 75.00 , loc: $GNGGA,160408.089,4900.5061,N,00825.4025,E,0,0,,102.1,M,47.9,M,,*5C }
{ Id: 'A1', pm25: 20.00, pm10: 33.00, temp: 8.00, hum: 14.00, atm: 76.00 , loc: $GNGGA,160419.088,4900.5061,N,00825.4025,E,0,0,,102.1,M,47.9,M,,*5D }
{ Id: 'A1', pm25: 22.00, pm10: 34.00, temp: 8.00, hum: 18.00, atm: 77.00 , loc: $GNGGA,160430.088,4900.5061,N,00825.4025,E,0,0,,102.1,M,47.9,M,,*56 }
{ Id: 'A1', pm25: 23.00, pm10: 32.00, temp: 7.00, hum: 10.00, atm: 78.00 , loc: $GNGGA,160441.088,4900.5061,N,00825.4025,E,0,0,,102.1,M,47.9,M,,*50 }
{ Id: 'A1', pm25: 21.00, pm10: 30.00, temp: 9.00, hum: 16.00, atm: 79.00 , loc: $GNGGA,160452.088,4900.5061,N,00825.4025,E,0,0,,102.1,M,47.9,M,,*52 }
{ Id: 'A1', pm25: 20.00, pm10: 32.00, temp: 4.00, hum: 11.00, atm: 80.00 , loc: $GNGGA,160503.088,4900.5061,N,00825.4025,E,0,0,,102.1,M,47.9,M,,*57 }
{ Id: 'A1', pm25: 21.00, pm10: 34.00, temp: 7.00, hum: 10.00, atm: 81.00 , loc: $GNGGA,160514.088,4900.5061,N,00825.4025,E,0,0,,102.1,M,47.9,M,,*51 }
SSH-2.0-OpenSSH_7.6p1 Ubuntu-4ubuntu0.5
{ Id: 'A1', pm25: 20.00, pm10: 31.00, temp: 7.00, hum: 18.00, atm: 82.00 , loc: $GNGGA,160525.088,4900.5061,N,00825.4025,E,0,0,,102.1,M,47.9,M,,*53 }
{ Id: 'A1', pm25: 23.00, pm10: 30.00, temp: 9.00, hum: 17.00, atm: 83.00 , loc: $GNGGA,160536.088,4900.5061,N,00825.4025,E,0,0,,102.1,M,47.9,M,,*51 }
{ Id: 'A1', pm25: 24.00, pm10: 30.00, temp: 7.00, hum: 19.00, atm: 84.00 , loc: $GNGGA,160547.088,4900.5061,N,00825.4025,E,0,0,,102.1,M,47.9,M,,*57 }
{ Id: 'A1', pm25: 20.00, pm10: 34.00, temp: 7.00, hum: 10.00, atm: 85.00 , loc: $GNGGA,160558.088,4900.5061,N,00825.4025,E,0,0,,102.1,M,47.9,M,,*59 }
{ Id: 'A1', pm25: 23.00, pm10: 32.00, temp: 5.00, hum: 12.00, atm: 86.00 , loc: $GNGGA,160609.088,4900.5061,N,00825.4025,E,0,0,,102.1,M,47.9,M,,*5E }
{ Id: 'A1', pm25: 24.00, pm10: 34.00, temp: 2.00, hum: 15.00, atm: 87.00 , loc: $GNGGA,160620.088,4900.5061,N,00825.4025,E,0,0,,102.1,M,47.9,M,,*55 }
{ Id: 'A1', pm25: 23.00, pm10: 30.00, temp: 6.00, hum: 10.00, atm: 88.00 , loc: $GNGGA,160631.088,4900.5061,N,00825.4025,E,0,0,,102.1,M,47.9,M,,*55 }
{ Id: 'A1', pm25: 23.00, pm10: 30.00, temp: 6.00, hum: 12.00, atm: 89.00 , loc: $GNGGA,160642.088,4900.5061,N,00825.4025,E,0,0,,102.1,M,47.9,M,,*51 }
{ Id: 'A1', pm25: 21.00, pm10: 31.00, temp: 6.00, hum: 17.00, atm: 90.00 , loc: $GNGGA,160653.088,4900.5061,N,00825.4025,E,0,0,,102.1,M,47.9,M,,*51 }
{ Id: 'A1', pm25: 23.00, pm10: 32.00, temp: 4.00, hum: 11.00, atm: 91.00 , loc: $GNGGA,160704.088,4900.5061,N,00825.4025,E,0,0,,102.1,M,47.9,M,,*52 }
{ Id: 'A1', pm25: 21.00, pm10: 32.00, temp: 4.00, hum: 14.00, atm: 92.00 , loc: $GNGGA,160715.087,4900.5061,N,00825.4025,E,0,0,,102.1,M,47.9,M,,*5D }
{ Id: 'A1', pm25: 24.00, pm10: 31.00, temp: 7.00, hum: 14.00, atm: 93.00 , loc: $GNGGA,160726.087,4900.5061,N,00825.4025,E,0,0,,102.1,M,47.9,M,,*5D }
{ Id: 'A1', pm25: 23.00, pm10: 33.00, temp: 8.00, hum: 17.00, atm: 94.00 , loc: $GNGGA,160737.087,4900.5061,N,00825.4025,E,0,0,,102.1,M,47.9,M,,*5D }
{ Id: 'A1', pm25: 23.00, pm10: 31.00, temp: 9.00, hum: 14.00, atm: 95.00 , loc: $GNGGA,160748.087,4900.5061,N,00825.4025,E,0,0,,102.1,M,47.9,M,,*55 }
{ Id: 'A1', pm25: 24.00, pm10: 33.00, temp: 4.00, hum: 16.00, atm: 96.00 , loc: $GNGGA,160759.087,4900.5061,N,00825.4025,E,0,0,,102.1,M,47.9,M,,*55 }
{ Id: 'A1', pm25: 22.00, pm10: 32.00, temp: 9.00, hum: 16.00, atm: 97.00 , loc: $GNGGA,160810.087,4900.5061,N,00825.4025,E,0,0,,102.1,M,47.9,M,,*57 }
{ Id: 'A1', pm25: 24.00, pm10: 31.00, temp: 4.00, hum: 11.00, atm: 98.00 , loc: $GNGGA,160821.087,4900.5061,N,00825.4025,E,0,0,,102.1,M,47.9,M,,*55 }
{ Id: 'A1', pm25: 24.00, pm10: 31.00, temp: 6.00, hum: 11.00, atm: 99.00 , loc: $GNGGA,160832.087,4900.5061,N,00825.4025,E,0,0,,102.1,M,47.9,M,,*57 }
{ Id: 'A1', pm25: 23.00, pm10: 31.00, temp: 2.00, hum: 10.00, atm: 100.00 , loc: $GNGGA,160843.087,4900.5061,N,00825.4025,E,0,0,,102.1,M,47.9,M,,*51 }
{ Id: 'A1', pm25: 24.00, pm10: 31.00, temp: 2.00, hum: 18.00, atm: 101.00 , loc: $GNGGA,160854.087,4900.5061,N,00825.4025,E,0,0,,102.1,M,47.9,M,,*57 }
{ Id: 'A1', pm25: 21.00, pm10: 33.00, temp: 3.00, hum: 14.00, atm: 102.00 , loc: $GNGGA,160905.087,4900.5061,N,00825.4025,E,0,0,,102.1,M,47.9,M,,*52 }
{ Id: 'A1', pm25: 20.00, pm10: 33.00, temp: 2.00, hum: 18.00, atm: 103.00 , loc: $GNGGA,160916.087,4900.5061,N,00825.4025,E,0,0,,102.1,M,47.9,M,,*50 }
{ Id: 'A1', pm25: 22.00, pm10: 34.00, temp: 4.00, hum: 10.00, atm: 104.00 , loc: $GNGGA,160927.087,4900.5061,N,00825.4025,E,0,0,,102.1,M,47.9,M,,*52 }
{ Id: 'A1', pm25: 21.00, pm10: 31.00, temp: 5.00, hum: 12.00, atm: 105.00 , loc: $GNGGA,160938.087,4900.5061,N,00825.4025,E,0,0,,102.1,M,47.9,M,,*5C }
{ Id: 'A1', pm25: 23.00, pm10: 32.00, temp: 9.00, hum: 15.00, atm: 106.00 , loc: $GNGGA,160949.087,4900.5061,N,00825.4025,E,0,0,,102.1,M,47.9,M,,*5A }
{ Id: 'A1', pm25: 24.00, pm10: 31.00, temp: 3.00, hum: 19.00, atm: 107.00 , loc: $GNGGA,161000.087,4900.5061,N,00825.4025,E,0,0,,102.1,M,47.9,M,,*5F }
{ Id: 'A1', pm25: 21.00, pm10: 32.00, temp: 3.00, hum: 13.00, atm: 108.00 , loc: $GNGGA,161011.087,4900.5061,N,00825.4025,E,0,0,,102.1,M,47.9,M,,*5F }
{ Id: 'A1', pm25: 23.00, pm10: 30.00, temp: 8.00, hum: 18.00, atm: 109.00 , loc: $GNGGA,161022.087,4900.5061,N,00825.4025,E,0,0,,102.1,M,47.9,M,,*5F }
{ Id: 'A1', pm25: 23.00, pm10: 34.00, temp: 8.00, hum: 14.00, atm: 110.00 , loc: $GNGGA,161033.087,4900.5061,N,00825.4025,E,0,0,,102.1,M,47.9,M,,*5F }
{ Id: 'A1', pm25: 20.00, pm10: 31.00, temp: 7.00, hum: 14.00, atm: 111.00 , loc: $GNGGA,161044.087,4900.5061,N,00825.4025,E,0,0,,102.1,M,47.9,M,,*5F }
{ Id: 'A1', pm25: 20.00, pm10: 33.00, temp: 8.00, hum: 15.00, atm: 112.00 , loc: $GNGGA,161055.087,4900.5061,N,00825.4025,E,0,0,,102.1,M,47.9,M,,*5F }
{ Id: 'A1', pm25: 24.00, pm10: 32.00, temp: 4.00, hum: 10.00, atm: 113.00 , loc: $GNGGA,161106.087,4900.5061,N,00825.4025,E,0,0,,102.1,M,47.9,M,,*58 }
{ Id: 'A1', pm25: 22.00, pm10: 32.00, temp: 3.00, hum: 13.00, atm: 114.00 , loc: $GNGGA,161117.087,4900.5061,N,00825.4025,E,0,0,,102.1,M,47.9,M,,*58 }
{ Id: 'A1', pm25: 23.00, pm10: 30.00, temp: 3.00, hum: 19.00, atm: 115.00 , loc: $GNGGA,161128.087,4900.5061,N,00825.4025,E,0,0,,102.1,M,47.9,M,,*54 }
{ Id: 'A1', pm25: 22.00, pm10: 32.00, temp: 7.00, hum: 11.00, atm: 116.00 , loc: $GNGGA,161139.087,4900.5061,N,00825.4025,E,0,0,,102.1,M,47.9,M,,*54 }
{ Id: 'A1', pm25: 23.00, pm10: 32.00, temp: 3.00, hum: 10.00, atm: 117.00 , loc: $GNGGA,161150.087,4900.5061,N,00825.4025,E,0,0,,102.1,M,47.9,M,,*5B }
{ Id: 'A1', pm25: 24.00, pm10: 31.00, temp: 2.00, hum: 17.00, atm: 118.00 , loc: $GNGGA,161201.087,4900.5061,N,00825.4025,E,0,0,,102.1,M,47.9,M,,*5C }
{ Id: 'A1', pm25: 23.00, pm10: 30.00, temp: 2.00, hum: 17.00, atm: 119.00 , loc: $GNGGA,161212.087,4900.5061,N,00825.4025,E,0,0,,102.1,M,47.9,M,,*5E }
{ Id: 'A1', pm25: 22.00, pm10: 31.00, temp: 7.00, hum: 19.00, atm: 120.00 , loc: $GNGGA,161223.087,4900.5061,N,00825.4025,E,0,0,,102.1,M,47.9,M,,*5C }
{ Id: 'A1', pm25: 24.00, pm10: 30.00, temp: 7.00, hum: 11.00, atm: 121.00 , loc: $GNGGA,161233.303,4900.5061,N,00825.4025,E,0,0,,102.1,M,47.9,M,,*52 }
{ Id: 'A1', pm25: 20.00, pm10: 34.00, temp: 3.00, hum: 17.00, atm: 122.00 , loc: $GNGGA,161244.000,4900.5061,N,00825.3779,E,0,2,,102.1,M,47.9,M,,*59 }
{ Id: 'A1', pm25: 23.00, pm10: 34.00, temp: 9.00, hum: 15.00, atm: 123.00 , loc: $GNGGA,161255.000,4900.5079,N,00825.3793,E,0,2,,102.1,M,47.9,M,,*54 }
SSH-2.0-OpenSSH_7.6p1 Ubuntu-4ubuntu0.5
{ Id: 'A1', pm25: 23.00, pm10: 30.00, temp: 2.00, hum: 14.00, atm: 124.00 , loc: $GNGGA,161306.000,4900.5083,N,00825.3847,E,0,2,,102.1,M,47.9,M,,*50 }
{ Id: 'A1', pm25: 21.00, pm10: 30.00, temp: 8.00, hum: 18.00, atm: 125.00 , loc: $GNGGA,161317.000,4900.5037,N,00825.3698,E,0,3,,102.1,M,47.9,M,,*52 }
{ Id: 'A1', pm25: 20.00, pm10: 32.00, temp: 3.00, hum: 13.00, atm: 126.00 , loc: $GNGGA,161328.000,4900.5063,N,00825.3759,E,0,3,,102.1,M,47.9,M,,*53 }
{ Id: 'A1', pm25: 24.00, pm10: 34.00, temp: 6.00, hum: 15.00, atm: 127.00 , loc: $GNGGA,161339.000,4900.5088,N,00825.3932,E,0,3,,102.1,M,47.9,M,,*55 }
{ Id: 'A1', pm25: 21.00, pm10: 33.00, temp: 6.00, hum: 15.00, atm: 128.00 , loc: $GNGGA,161350.000,4900.5107,N,00825.4045,E,0,3,,102.0,M,47.9,M,,*53 }
{ Id: 'A1', pm25: 24.00, pm10: 31.00, temp: 7.00, hum: 19.00, atm: 129.00 , loc: $GNGGA,161401.000,4900.5121,N,00825.4107,E,0,3,,102.0,M,47.9,M,,*53 }
{ Id: 'A1', pm25: 22.00, pm10: 34.00, temp: 3.00, hum: 11.00, atm: 130.00 , loc: $GNGGA,161412.000,4900.4948,N,00825.3597,E,0,3,,102.0,M,47.9,M,,*5D }
{ Id: 'A1', pm25: 21.00, pm10: 30.00, temp: 4.00, hum: 19.00, atm: 131.00 , loc: $GNGGA,161423.000,4900.4523,N,00825.2355,E,0,3,,102.0,M,47.9,M,,*57 }
{ Id: 'A1', pm25: 21.00, pm10: 30.00, temp: 4.00, hum: 17.00, atm: 132.00 , loc: $GNGGA,161434.000,4900.4449,N,00825.2171,E,0,3,,102.1,M,47.9,M,,*59 }
{ Id: 'A1', pm25: 24.00, pm10: 31.00, temp: 8.00, hum: 12.00, atm: 133.00 , loc: $GNGGA,161445.000,4900.4789,N,00825.3197,E,0,3,,102.3,M,47.9,M,,*5B }
{ Id: 'A1', pm25: 22.00, pm10: 30.00, temp: 6.00, hum: 14.00, atm: 134.00 , loc: $GNGGA,161456.000,4900.4917,N,00825.3468,E,0,3,,102.4,M,47.9,M,,*52 }
{ Id: 'A1', pm25: 24.00, pm10: 33.00, temp: 7.00, hum: 16.00, atm: 135.00 , loc: $GNGGA,161507.000,4900.4970,N,00825.3620,E,0,3,,102.5,M,47.9,M,,*59 }
{ Id: 'A1', pm25: 21.00, pm10: 31.00, temp: 8.00, hum: 13.00, atm: 136.00 , loc: $GNGGA,161518.000,4900.4904,N,00825.3463,E,0,3,,102.5,M,47.9,M,,*51 }
{ Id: 'A1', pm25: 24.00, pm10: 30.00, temp: 9.00, hum: 13.00, atm: 137.00 , loc: $GNGGA,161529.000,4900.4828,N,00825.3242,E,0,3,,102.5,M,47.9,M,,*59 }
{ Id: 'A1', pm25: 21.00, pm10: 30.00, temp: 8.00, hum: 18.00, atm: 138.00 , loc: $GNGGA,161540.000,4900.4847,N,00825.3266,E,0,3,,102.5,M,47.9,M,,*59 }
{ Id: 'A1', pm25: 24.00, pm10: 33.00, temp: 2.00, hum: 16.00, atm: 139.00 , loc: $GNGGA,161551.000,4900.4945,N,00825.3548,E,0,3,,102.5,M,47.9,M,,*51 }
{ Id: 'A1', pm25: 24.00, pm10: 33.00, temp: 7.00, hum: 15.00, atm: 140.00 , loc: $GNGGA,161602.000,4900.4888,N,00825.3378,E,0,3,,102.5,M,47.9,M,,*51 }
{ Id: 'A1', pm25: 20.00, pm10: 33.00, temp: 7.00, hum: 10.00, atm: 141.00 , loc: $GNGGA,161613.000,4900.4935,N,00825.3532,E,0,3,,102.5,M,47.9,M,,*5E }
{ Id: 'A1', pm25: 21.00, pm10: 30.00, temp: 5.00, hum: 14.00, atm: 142.00 , loc: $GNGGA,161624.000,4900.5093,N,00825.4038,E,0,3,,102.5,M,47.9,M,,*56 }
{ Id: 'A1', pm25: 23.00, pm10: 32.00, temp: 2.00, hum: 15.00, atm: 143.00 , loc: $GNGGA,161635.000,4900.5011,N,00825.3826,E,0,3,,102.5,M,47.9,M,,*5C }
SSH-2.0-OpenSSH_7.6p1 Ubuntu-4ubuntu0.5
{ Id: 'A1', pm25: 21.00, pm10: 30.00, temp: 5.00, hum: 18.00, atm: 144.00 , loc: $GNGGA,161646.000,4900.4946,N,00825.3615,E,0,3,,102.5,M,47.9,M,,*5C }
SSH-2.0-OpenSSH_7.6p1 Ubuntu-4ubuntu0.5
{ Id: 'A1', pm25: 20.00, pm10: 30.00, temp: 5.00, hum: 15.00, atm: 145.00 , loc: $GNGGA,161657.000,4900.4946,N,00825.3659,E,0,3,,102.5,M,47.9,M,,*54 }
{ Id: 'A1', pm25: 20.00, pm10: 31.00, temp: 7.00, hum: 14.00, atm: 146.00 , loc: $GNGGA,161708.000,4900.4975,N,00825.3773,E,0,3,,102.5,M,47.9,M,,*56 }
{ Id: 'A1', pm25: 24.00, pm10: 33.00, temp: 4.00, hum: 11.00, atm: 147.00 , loc: $GNGGA,161719.000,4900.4825,N,00825.3416,E,0,3,,102.5,M,47.9,M,,*52 }
{ Id: 'A1', pm25: 22.00, pm10: 32.00, temp: 2.00, hum: 18.00, atm: 148.00 , loc: $GNGGA,161730.000,4900.4645,N,00825.2898,E,0,3,,102.6,M,47.9,M,,*59 }
{ Id: 'A1', pm25: 21.00, pm10: 34.00, temp: 5.00, hum: 15.00, atm: 149.00 , loc: $GNGGA,161741.000,4900.4594,N,00825.2840,E,0,3,,102.6,M,47.9,M,,*55 }
{ Id: 'A1', pm25: 21.00, pm10: 34.00, temp: 4.00, hum: 10.00, atm: 150.00 , loc: $GNGGA,161752.000,4900.4663,N,00825.2947,E,0,3,,102.6,M,47.9,M,,*5A }
{ Id: 'A1', pm25: 22.00, pm10: 32.00, temp: 8.00, hum: 12.00, atm: 151.00 , loc: $GNGGA,161803.000,4900.4649,N,00825.2950,E,0,3,,102.5,M,47.9,M,,*5C }
{ Id: 'A1', pm25: 21.00, pm10: 31.00, temp: 6.00, hum: 17.00, atm: 152.00 , loc: $GNGGA,161814.000,4900.4642,N,00825.2866,E,0,3,,102.5,M,47.9,M,,*55 }
{ Id: 'A1', pm25: 21.00, pm10: 32.00, temp: 7.00, hum: 17.00, atm: 153.00 , loc: $GNGGA,161825.000,4900.4630,N,00825.3014,E,0,3,,102.6,M,47.9,M,,*5D }
{ Id: 'A1', pm25: 22.00, pm10: 30.00, temp: 3.00, hum: 18.00, atm: 154.00 , loc: $GNGGA,161836.000,4900.4695,N,00825.3381,E,0,3,,102.5,M,47.9,M,,*5C }
{ Id: 'A1', pm25: 23.00, pm10: 30.00, temp: 9.00, hum: 16.00, atm: 155.00 , loc: $GNGGA,161847.000,4900.4789,N,00825.3381,E,0,3,,102.4,M,47.9,M,,*57 }
{ Id: 'A1', pm25: 20.00, pm10: 31.00, temp: 2.00, hum: 11.00, atm: 156.00 , loc: $GNGGA,161858.000,4900.4671,N,00825.3050,E,0,3,,102.5,M,47.9,M,,*51 }
{ Id: 'A1', pm25: 24.00, pm10: 30.00, temp: 2.00, hum: 11.00, atm: 157.00 , loc: $GNGGA,161909.000,4900.4570,N,00825.2836,E,0,3,,102.6,M,47.9,M,,*5C }
{ Id: 'A1', pm25: 23.00, pm10: 32.00, temp: 2.00, hum: 15.00, atm: 158.00 , loc: $GNGGA,161920.000,4900.4534,N,00825.2724,E,0,3,,102.7,M,47.9,M,,*5A }
{ Id: 'A1', pm25: 21.00, pm10: 33.00, temp: 9.00, hum: 14.00, atm: 159.00 , loc: $GNGGA,161931.000,4900.4577,N,00825.2730,E,0,3,,102.9,M,47.9,M,,*56 }
{ Id: 'A1', pm25: 20.00, pm10: 30.00, temp: 7.00, hum: 12.00, atm: 160.00 , loc: $GNGGA,161942.000,4900.4586,N,00825.2630,E,0,3,,103.0,M,47.9,M,,*55 }
SSH-2.0-OpenSSH_7.6p1 Ubuntu-4ubuntu0.5
{ Id: 'A1', pm25: 21.00, pm10: 30.00, temp: 5.00, hum: 15.00, atm: 161.00 , loc: $GNGGA,161953.000,4900.4590,N,00825.2719,E,0,3,,103.2,M,47.9,M,,*5A }
SSH-2.0-OpenSSH_7.6p1 Ubuntu-4ubuntu0.5
{ Id: 'A1', pm25: 23.00, pm10: 31.00, temp: 3.00, hum: 15.00, atm: 162.00 , loc: $GNGGA,162004.000,4900.4678,N,00825.3180,E,0,3,,103.2,M,47.9,M,,*50 }
{ Id: 'A1', pm25: 21.00, pm10: 30.00, temp: 8.00, hum: 12.00, atm: 163.00 , loc: $GNGGA,162015.000,4900.4742,N,00825.3362,E,0,3,,103.2,M,47.9,M,,*56 }
{ Id: 'A1', pm25: 23.00, pm10: 33.00, temp: 6.00, hum: 17.00, atm: 164.00 , loc: $GNGGA,162026.000,4900.4744,N,00825.3070,E,0,3,,103.2,M,47.9,M,,*50 }
{ Id: 'A1', pm25: 20.00, pm10: 34.00, temp: 8.00, hum: 18.00, atm: 165.00 , loc: $GNGGA,162037.000,4900.4713,N,00825.2952,E,0,3,,103.3,M,47.9,M,,*5B }
{ Id: 'A1', pm25: 21.00, pm10: 33.00, temp: 2.00, hum: 10.00, atm: 166.00 , loc: $GNGGA,162048.000,4900.4642,N,00825.2806,E,0,3,,103.3,M,47.9,M,,*56 }
{ Id: 'A1', pm25: 22.00, pm10: 30.00, temp: 3.00, hum: 14.00, atm: 167.00 , loc: $GNGGA,162059.000,4900.4664,N,00825.2816,E,0,3,,103.3,M,47.9,M,,*53 }
{ Id: 'A1', pm25: 20.00, pm10: 30.00, temp: 7.00, hum: 14.00, atm: 168.00 , loc: $GNGGA,162110.000,4900.4691,N,00825.2755,E,0,3,,103.3,M,47.9,M,,*5D }
{ Id: 'A1', pm25: 23.00, pm10: 34.00, temp: 2.00, hum: 18.00, atm: 169.00 , loc: $GNGGA,162121.000,4900.4796,N,00825.3091,E,0,3,,103.3,M,47.9,M,,*57 }
{ Id: 'A1', pm25: 24.00, pm10: 33.00, temp: 6.00, hum: 16.00, atm: 170.00 , loc: $GNGGA,162132.000,4900.4850,N,00825.3367,E,0,3,,103.2,M,47.9,M,,*5B }
{ Id: 'A1', pm25: 24.00, pm10: 32.00, temp: 5.00, hum: 10.00, atm: 171.00 , loc: $GNGGA,162143.000,4900.4784,N,00825.3213,E,0,3,,103.2,M,47.9,M,,*59 }
{ Id: 'A1', pm25: 22.00, pm10: 32.00, temp: 3.00, hum: 16.00, atm: 172.00 , loc: $GNGGA,162154.000,4900.4734,N,00825.3183,E,0,3,,103.2,M,47.9,M,,*5E }
{ Id: 'A1', pm25: 20.00, pm10: 31.00, temp: 3.00, hum: 15.00, atm: 173.00 , loc: $GNGGA,162205.000,4900.4658,N,00825.3080,E,0,3,,103.1,M,47.9,M,,*53 }
{ Id: 'A1', pm25: 21.00, pm10: 30.00, temp: 2.00, hum: 11.00, atm: 174.00 , loc: $GNGGA,162216.000,4900.4545,N,00825.2626,E,0,3,,103.1,M,47.9,M,,*55 }
{ Id: 'A1', pm25: 20.00, pm10: 30.00, temp: 7.00, hum: 13.00, atm: 175.00 , loc: $GNGGA,162227.000,4900.4467,N,00825.2579,E,0,3,,103.2,M,47.9,M,,*5C }
{ Id: 'A1', pm25: 24.00, pm10: 32.00, temp: 5.00, hum: 17.00, atm: 176.00 , loc: $GNGGA,162238.000,4900.4366,N,00825.2264,E,0,3,,103.2,M,47.9,M,,*5F }
{ Id: 'A1', pm25: 22.00, pm10: 31.00, temp: 4.00, hum: 11.00, atm: 177.00 , loc: $GNGGA,162249.000,4900.4327,N,00825.2168,E,0,3,,103.3,M,47.9,M,,*52 }
{ Id: 'A1', pm25: 24.00, pm10: 32.00, temp: 8.00, hum: 14.00, atm: 178.00 , loc: $GNGGA,162300.000,4900.4322,N,00825.2206,E,0,3,,103.3,M,47.9,M,,*50 }
{ Id: 'A1', pm25: 22.00, pm10: 33.00, temp: 4.00, hum: 19.00, atm: 179.00 , loc: $GNGGA,162311.000,4900.4310,N,00825.1975,E,0,3,,103.3,M,47.9,M,,*5D }
{ Id: 'A1', pm25: 22.00, pm10: 30.00, temp: 6.00, hum: 15.00, atm: 180.00 , loc: $GNGGA,162322.000,4900.4302,N,00825.1804,E,0,3,,103.3,M,47.9,M,,*59 }
{ Id: 'A1', pm25: 22.00, pm10: 33.00, temp: 4.00, hum: 19.00, atm: 181.00 , loc: $GNGGA,162333.000,4900.4244,N,00825.1665,E,0,3,,103.4,M,47.9,M,,*54 }
SSH-2.0-OpenSSH_7.6p1 Ubuntu-4ubuntu0.5
{ Id: 'A1', pm25: 24.00, pm10: 30.00, temp: 5.00, hum: 18.00, atm: 182.00 , loc: $GNGGA,162344.000,4900.4300,N,00825.1727,E,0,3,,103.5,M,47.9,M,,*53 }
{ Id: 'A1', pm25: 21.00, pm10: 30.00, temp: 3.00, hum: 19.00, atm: 183.00 , loc: $GNGGA,162355.000,4900.4222,N,00825.1646,E,0,3,,103.5,M,47.9,M,,*54 }
{ Id: 'A1', pm25: 24.00, pm10: 31.00, temp: 9.00, hum: 17.00, atm: 184.00 , loc: $GNGGA,162406.000,4900.4206,N,00825.1470,E,0,3,,103.6,M,47.9,M,,*57 }
{ Id: 'A1', pm25: 22.00, pm10: 31.00, temp: 2.00, hum: 15.00, atm: 185.00 , loc: $GNGGA,162417.000,4900.4262,N,00825.1666,E,0,3,,103.7,M,47.9,M,,*51 }
{ Id: 'A1', pm25: 24.00, pm10: 33.00, temp: 3.00, hum: 15.00, atm: 186.00 , loc: $GNGGA,162428.000,4900.4562,N,00825.2563,E,0,3,,103.7,M,47.9,M,,*5F }
{ Id: 'A1', pm25: 21.00, pm10: 32.00, temp: 8.00, hum: 12.00, atm: 187.00 , loc: $GNGGA,162440.000,4900.4740,N,00825.3136,E,0,3,,103.8,M,47.9,M,,*59 }
{ Id: 'A1', pm25: 22.00, pm10: 33.00, temp: 4.00, hum: 11.00, atm: 188.00 , loc: $GNGGA,162451.000,4900.4872,N,00825.3492,E,0,3,,103.9,M,47.9,M,,*5D }
{ Id: 'A1', pm25: 23.00, pm10: 33.00, temp: 3.00, hum: 12.00, atm: 189.00 , loc: $GNGGA,162502.000,4900.4823,N,00825.3439,E,0,3,,104.2,M,47.9,M,,*53 }
{ Id: 'A1', pm25: 21.00, pm10: 32.00, temp: 5.00, hum: 11.00, atm: 190.00 , loc: $GNGGA,162513.000,4900.4842,N,00825.3490,E,0,3,,104.5,M,47.9,M,,*50 }
{ Id: 'A1', pm25: 20.00, pm10: 31.00, temp: 9.00, hum: 11.00, atm: 191.00 , loc: $GNGGA,162527.000,4900.4778,N,00825.3309,E,0,3,,104.8,M,47.9,M,,*5B }
{ Id: 'A1', pm25: 21.00, pm10: 33.00, temp: 5.00, hum: 12.00, atm: 192.00 , loc: $GNGGA,162538.000,4900.4669,N,00825.2972,E,0,3,,104.8,M,47.9,M,,*53 }
{ Id: 'A1', pm25: 23.00, pm10: 33.00, temp: 9.00, hum: 12.00, atm: 193.00 , loc: $GNGGA,162549.000,4900.4559,N,00825.2622,E,0,3,,104.7,M,47.9,M,,*50 }
{ Id: 'A1', pm25: 24.00, pm10: 34.00, temp: 6.00, hum: 18.00, atm: 194.00 , loc: $GNGGA,162600.000,4900.4575,N,00825.2619,E,0,3,,104.8,M,47.9,M,,*57 }
{ Id: 'A1', pm25: 23.00, pm10: 30.00, temp: 7.00, hum: 11.00, atm: 195.00 , loc: $GNGGA,162611.000,4900.4500,N,00825.2412,E,0,3,,104.7,M,47.9,M,,*53 }
{ Id: 'A1', pm25: 21.00, pm10: 32.00, temp: 9.00, hum: 13.00, atm: 196.00 , loc: $GNGGA,162622.000,4900.4477,N,00825.2384,E,0,3,,104.8,M,47.9,M,,*55 }
{ Id: 'A1', pm25: 20.00, pm10: 33.00, temp: 8.00, hum: 11.00, atm: 197.00 , loc: $GNGGA,162633.000,4900.4578,N,00825.2687,E,0,3,,104.8,M,47.9,M,,*5D }
{ Id: 'A1', pm25: 21.00, pm10: 30.00, temp: 2.00, hum: 18.00, atm: 198.00 , loc: $GNGGA,162644.000,4900.4683,N,00825.2997,E,0,3,,104.8,M,47.9,M,,*54 }
{ Id: 'A1', pm25: 23.00, pm10: 30.00, temp: 6.00, hum: 18.00, atm: 199.00 , loc: $GNGGA,162655.000,4900.4777,N,00825.3319,E,0,3,,104.8,M,47.9,M,,*53 }
{ Id: 'A1', pm25: 21.00, pm10: 33.00, temp: 9.00, hum: 14.00, atm: 200.00 , loc: $GNGGA,162706.000,4900.4937,N,00825.3748,E,0,3,,104.8,M,47.9,M,,*5E }
{ Id: 'A1', pm25: 22.00, pm10: 31.00, temp: 2.00, hum: 14.00, atm: 201.00 , loc: $GNGGA,162717.000,4900.5025,N,00825.3928,E,0,3,,104.7,M,47.9,M,,*52 }
{ Id: 'A1', pm25: 20.00, pm10: 31.00, temp: 2.00, hum: 14.00, atm: 202.00 , loc: $GNGGA,162729.000,4900.5029,N,00825.4027,E,0,3,,104.7,M,47.9,M,,*52 }
{ Id: 'A1', pm25: 23.00, pm10: 33.00, temp: 8.00, hum: 10.00, atm: 203.00 , loc: $GNGGA,162740.000,4900.5029,N,00825.4129,E,0,3,,104.6,M,47.9,M,,*53 }
{ Id: 'A1', pm25: 23.00, pm10: 32.00, temp: 9.00, hum: 19.00, atm: 204.00 , loc: $GNGGA,162751.000,4900.4926,N,00825.3779,E,0,3,,104.7,M,47.9,M,,*51 }
{ Id: 'A1', pm25: 21.00, pm10: 30.00, temp: 6.00, hum: 18.00, atm: 205.00 , loc: $GNGGA,162802.000,4900.4836,N,00825.3597,E,0,3,,104.7,M,47.9,M,,*5A }
{ Id: 'A1', pm25: 20.00, pm10: 33.00, temp: 5.00, hum: 10.00, atm: 206.00 , loc: $GNGGA,162813.000,4900.4735,N,00825.3425,E,0,3,,104.7,M,47.9,M,,*5E }
{ Id: 'A1', pm25: 23.00, pm10: 34.00, temp: 3.00, hum: 14.00, atm: 207.00 , loc: $GNGGA,162824.000,4900.4659,N,00825.3100,E,0,3,,104.8,M,47.9,M,,*5C }
{ Id: 'A1', pm25: 22.00, pm10: 34.00, temp: 9.00, hum: 17.00, atm: 208.00 , loc: $GNGGA,162835.000,4900.4615,N,00825.2802,E,0,3,,104.8,M,47.9,M,,*5E }
{ Id: 'A1', pm25: 22.00, pm10: 34.00, temp: 2.00, hum: 10.00, atm: 209.00 , loc: $GNGGA,162846.000,4900.4664,N,00825.3049,E,0,3,,104.8,M,47.9,M,,*5A }
{ Id: 'A1', pm25: 22.00, pm10: 31.00, temp: 7.00, hum: 12.00, atm: 210.00 , loc: $GNGGA,162857.000,4900.4849,N,00825.3537,E,0,3,,104.8,M,47.9,M,,*57 }
{ Id: 'A1', pm25: 22.00, pm10: 34.00, temp: 2.00, hum: 16.00, atm: 211.00 , loc: $GNGGA,162908.000,4900.4690,N,00825.3403,E,0,3,,104.8,M,47.9,M,,*50 }
{ Id: 'A1', pm25: 24.00, pm10: 31.00, temp: 3.00, hum: 15.00, atm: 212.00 , loc: $GNGGA,162919.000,4900.4573,N,00825.3080,E,0,3,,92.1,M,47.9,M,,*66 }
{ Id: 'A1', pm25: 24.00, pm10: 30.00, temp: 4.00, hum: 13.00, atm: 213.00 , loc: $GNGGA,162930.000,4900.4465,N,00825.2602,E,0,3,,83.1,M,47.9,M,,*66 }
{ Id: 'A1', pm25: 20.00, pm10: 30.00, temp: 8.00, hum: 16.00, atm: 214.00 , loc: $GNGGA,162941.000,4900.4475,N,00825.2942,E,0,3,,76.6,M,47.9,M,,*67 }
SSH-2.0-ssh2js1.4.0
{ Id: 'A1', pm25: 23.00, pm10: 31.00, temp: 2.00, hum: 18.00, atm: 215.00 , loc: $GNGGA,162952.000,4900.4406,N,00825.2704,E,0,3,,71.8,M,47.9,M,,*64 }
{ Id: 'A1', pm25: 23.00, pm10: 33.00, temp: 8.00, hum: 19.00, atm: 216.00 , loc: $GNGGA,163004.000,4900.4266,N,00825.1961,E,0,3,,67.7,M,47.9,M,,*69 }
{ Id: 'A1', pm25: 21.00, pm10: 31.00, temp: 4.00, hum: 11.00, atm: 217.00 , loc: $GNGGA,163015.000,4900.3906,N,00825.1044,E,0,2,,64.7,M,47.9,M,,*6F }
{ Id: 'A1', pm25: 23.00, pm10: 31.00, temp: 3.00, hum: 10.00, atm: 218.00 , loc: $GNGGA,163026.000,4900.3792,N,00825.0754,E,0,2,,62.4,M,47.9,M,,*6E }
{ Id: 'A1', pm25: 20.00, pm10: 34.00, temp: 2.00, hum: 12.00, atm: 219.00 , loc: $GNGGA,163037.000,4900.3796,N,00825.0557,E,0,2,,60.4,M,47.9,M,,*69 }
{ Id: 'A1', pm25: 23.00, pm10: 34.00, temp: 6.00, hum: 19.00, atm: 220.00 , loc: $GNGGA,163048.000,4900.3724,N,00825.0462,E,0,2,,58.8,M,47.9,M,,*68 }
{ Id: 'A1', pm25: 20.00, pm10: 32.00, temp: 3.00, hum: 17.00, atm: 221.00 , loc: $GNGGA,163059.000,4900.3735,N,00825.0362,E,0,2,,57.4,M,47.9,M,,*6C }
{ Id: 'A1', pm25: 23.00, pm10: 31.00, temp: 5.00, hum: 11.00, atm: 222.00 , loc: $GNGGA,163110.000,4900.3644,N,00825.0339,E,0,2,,56.2,M,47.9,M,,*6E }
{ Id: 'A1', pm25: 22.00, pm10: 33.00, temp: 5.00, hum: 17.00, atm: 223.00 , loc: $GNGGA,163122.000,4900.3610,N,00825.0362,E,0,2,,55.0,M,47.9,M,,*61 }
{ Id: 'A1', pm25: 23.00, pm10: 34.00, temp: 2.00, hum: 10.00, atm: 224.00 , loc: $GNGGA,163133.000,4900.5028,N,00825.4283,E,1,3,2.87,55.3,M,47.9,M,,*70 }
{ Id: 'A1', pm25: 22.00, pm10: 33.00, temp: 4.00, hum: 10.00, atm: 225.00 , loc: $GNGGA,163144.000,4900.5070,N,00825.4147,E,1,3,2.88,54.1,M,47.9,M,,*7A }
{ Id: 'A1', pm25: 24.00, pm10: 32.00, temp: 3.00, hum: 10.00, atm: 226.00 , loc: $GNGGA,163155.000,4900.5060,N,00825.4120,E,1,4,2.81,53.6,M,47.9,M,,*74 }
{ Id: 'A1', pm25: 20.00, pm10: 34.00, temp: 8.00, hum: 17.00, atm: 227.00 , loc: $GNGGA,163206.000,4900.5060,N,00825.4126,E,1,4,2.81,53.5,M,47.9,M,,*74 }
{ Id: 'A1', pm25: 20.00, pm10: 34.00, temp: 4.00, hum: 14.00, atm: 228.00 , loc: $GNGGA,163217.000,4900.5060,N,00825.4125,E,1,4,2.82,53.4,M,47.9,M,,*75 }
{ Id: 'A1', pm25: 22.00, pm10: 34.00, temp: 9.00, hum: 12.00, atm: 229.00 , loc: $GNGGA,163228.000,4900.5059,N,00825.4132,E,1,4,2.82,53.5,M,47.9,M,,*74 }
{ Id: 'A1', pm25: 24.00, pm10: 30.00, temp: 3.00, hum: 19.00, atm: 230.00 , loc: $GNGGA,163239.000,4900.5059,N,00825.4133,E,1,4,2.82,53.6,M,47.9,M,,*76 }
{ Id: 'A1', pm25: 23.00, pm10: 31.00, temp: 7.00, hum: 13.00, atm: 231.00 , loc: $GNGGA,163250.000,4900.5059,N,00825.4132,E,1,4,2.83,53.6,M,47.9,M,,*79 }
{ Id: 'A1', pm25: 21.00, pm10: 33.00, temp: 9.00, hum: 12.00, atm: 232.00 , loc: $GNGGA,163301.000,4900.5059,N,00825.4133,E,1,4,2.83,53.6,M,47.9,M,,*7D }
{ Id: 'A1', pm25: 20.00, pm10: 31.00, temp: 9.00, hum: 11.00, atm: 233.00 , loc: $GNGGA,163312.000,4900.5059,N,00825.4134,E,1,4,2.84,53.6,M,47.9,M,,*7F }
{ Id: 'A1', pm25: 24.00, pm10: 32.00, temp: 3.00, hum: 14.00, atm: 234.00 , loc: $GNGGA,163323.000,4900.5059,N,00825.4135,E,1,4,2.84,53.6,M,47.9,M,,*7C }
{ Id: 'A1', pm25: 24.00, pm10: 30.00, temp: 2.00, hum: 10.00, atm: 235.00 , loc: $GNGGA,163334.000,4900.5060,N,00825.4134,E,1,4,2.84,53.5,M,47.9,M,,*72 }
{ Id: 'A1', pm25: 23.00, pm10: 32.00, temp: 8.00, hum: 10.00, atm: 236.00 , loc: $GNGGA,163345.000,4900.5061,N,00825.4141,E,1,4,2.85,53.3,M,47.9,M,,*70 }
{ Id: 'A1', pm25: 21.00, pm10: 33.00, temp: 9.00, hum: 17.00, atm: 237.00 , loc: $GNGGA,163356.000,4900.5061,N,00825.4144,E,1,3,3.41,53.2,M,47.9,M,,*78 }
{ Id: 'A1', pm25: 23.00, pm10: 32.00, temp: 6.00, hum: 18.00, atm: 238.00 , loc: $GNGGA,163407.000,4900.5062,N,00825.4147,E,1,3,3.41,53.1,M,47.9,M,,*78 }
{ Id: 'A1', pm25: 21.00, pm10: 31.00, temp: 9.00, hum: 11.00, atm: 239.00 , loc: $GNGGA,163418.000,4900.5061,N,00825.4148,E,1,3,3.42,53.1,M,47.9,M,,*79 }
{ Id: 'A1', pm25: 24.00, pm10: 32.00, temp: 9.00, hum: 10.00, atm: 240.00 , loc: $GNGGA,163429.000,4900.5060,N,00825.4147,E,1,3,3.42,53.4,M,47.9,M,,*70 }
{ Id: 'A1', pm25: 23.00, pm10: 33.00, temp: 3.00, hum: 14.00, atm: 241.00 , loc: $GNGGA,163440.000,4900.5059,N,00825.4144,E,1,3,3.43,53.5,M,47.9,M,,*76 }
{ Id: 'A1', pm25: 22.00, pm10: 31.00, temp: 9.00, hum: 19.00, atm: 242.00 , loc: $GNGGA,163451.000,4900.5059,N,00825.4147,E,1,3,3.43,53.5,M,47.9,M,,*75 }
{ Id: 'A1', pm25: 23.00, pm10: 33.00, temp: 3.00, hum: 18.00, atm: 243.00 , loc: $GNGGA,163502.000,4900.5061,N,00825.4152,E,1,3,3.43,53.4,M,47.9,M,,*7C }
{ Id: 'A1', pm25: 24.00, pm10: 33.00, temp: 4.00, hum: 14.00, atm: 244.00 , loc: $GNGGA,163514.000,4900.5059,N,00825.4159,E,1,3,3.44,53.4,M,47.9,M,,*7C }
{ Id: 'A1', pm25: 23.00, pm10: 32.00, temp: 7.00, hum: 16.00, atm: 245.00 , loc: $GNGGA,163525.000,4900.5088,N,00825.4196,E,1,3,3.44,53.4,M,47.9,M,,*71 }
{ Id: 'A1', pm25: 23.00, pm10: 33.00, temp: 2.00, hum: 11.00, atm: 246.00 , loc: $GNGGA,163536.000,4900.5122,N,00825.4344,E,6,2,99.99,53.4,M,47.9,M,,*4A }
{ Id: 'A1', pm25: 23.00, pm10: 32.00, temp: 8.00, hum: 14.00, atm: 247.00 , loc: $GNGGA,163547.000,4900.5103,N,00825.4434,E,1,3,3.45,53.5,M,47.9,M,,*7A }
{ Id: 'A1', pm25: 21.00, pm10: 33.00, temp: 5.00, hum: 12.00, atm: 248.00 , loc: $GNGGA,163558.000,4900.5110,N,00825.4300,E,1,3,3.45,53.6,M,47.9,M,,*75 }
{ Id: 'A1', pm25: 21.00, pm10: 32.00, temp: 2.00, hum: 13.00, atm: 249.00 , loc: $GNGGA,163609.000,4900.5119,N,00825.4403,E,1,3,3.46,53.7,M,47.9,M,,*7D }
{ Id: 'A1', pm25: 20.00, pm10: 32.00, temp: 7.00, hum: 11.00, atm: 250.00 , loc: $GNGGA,163620.000,4900.5063,N,00825.4733,E,6,2,99.99,53.6,M,47.9,M,,*4C }
{ Id: 'A1', pm25: 20.00, pm10: 31.00, temp: 3.00, hum: 18.00, atm: 251.00 , loc: $GNGGA,163631.000,4900.5019,N,00825.4876,E,0,2,,53.5,M,47.9,M,,*64 }
{ Id: 'A1', pm25: 23.00, pm10: 33.00, temp: 5.00, hum: 17.00, atm: 252.00 , loc: $GNGGA,163642.000,4900.5020,N,00825.4876,E,1,3,13.40,53.6,M,47.9,M,,*41 }
{ Id: 'A1', pm25: 22.00, pm10: 32.00, temp: 8.00, hum: 14.00, atm: 253.00 , loc: $GNGGA,163653.000,4900.5021,N,00825.4875,E,1,3,13.42,53.6,M,47.9,M,,*41 }
{ Id: 'A1', pm25: 20.00, pm10: 30.00, temp: 5.00, hum: 17.00, atm: 254.00 , loc: $GNGGA,163704.000,4900.5021,N,00825.4871,E,1,3,13.47,53.7,M,47.9,M,,*42 }
{ Id: 'A1', pm25: 24.00, pm10: 32.00, temp: 7.00, hum: 19.00, atm: 255.00 , loc: $GNGGA,163715.000,4900.5020,N,00825.4871,E,1,3,13.52,53.8,M,47.9,M,,*48 }
{ Id: 'A1', pm25: 20.00, pm10: 33.00, temp: 9.00, hum: 11.00, atm: 256.00 , loc: $GNGGA,163726.000,4900.5020,N,00825.4869,E,1,3,13.57,53.9,M,47.9,M,,*45 }
{ Id: 'A1', pm25: 23.00, pm10: 30.00, temp: 8.00, hum: 12.00, atm: 257.00 , loc: $GNGGA,163737.000,4900.5022,N,00825.4877,E,1,3,13.61,53.8,M,47.9,M,,*4C }
{ Id: 'A1', pm25: 24.00, pm10: 32.00, temp: 7.00, hum: 13.00, atm: 258.00 , loc: $GNGGA,163748.000,4900.5023,N,00825.4874,E,1,3,13.64,53.8,M,47.9,M,,*43 }
{ Id: 'A1', pm25: 21.00, pm10: 33.00, temp: 9.00, hum: 14.00, atm: 259.00 , loc: $GNGGA,163759.000,4900.5020,N,00825.4876,E,1,3,13.69,53.9,M,47.9,M,,*4E }
{ Id: 'A1', pm25: 20.00, pm10: 33.00, temp: 9.00, hum: 14.00, atm: 260.00 , loc: $GNGGA,163810.000,4900.5023,N,00825.4871,E,1,3,13.72,53.8,M,47.9,M,,*43 }
{ Id: 'A1', pm25: 20.00, pm10: 30.00, temp: 4.00, hum: 14.00, atm: 261.00 , loc: $GNGGA,163821.000,4900.5019,N,00825.4877,E,1,3,13.78,53.6,M,47.9,M,,*4A }
{ Id: 'A1', pm25: 22.00, pm10: 31.00, temp: 5.00, hum: 13.00, atm: 262.00 , loc: $GNGGA,163832.000,4900.4996,N,00825.4941,E,1,3,13.81,53.8,M,47.9,M,,*4B }
{ Id: 'A1', pm25: 24.00, pm10: 33.00, temp: 6.00, hum: 12.00, atm: 263.00 , loc: $GNGGA,163843.000,4900.4938,N,00825.5254,E,1,3,13.85,54.1,M,47.9,M,,*4D }
{ Id: 'A1', pm25: 24.00, pm10: 30.00, temp: 3.00, hum: 18.00, atm: 264.00 , loc: $GNGGA,163855.000,4900.4838,N,00825.5846,E,1,3,13.90,54.6,M,47.9,M,,*41 }
{ Id: 'A1', pm25: 21.00, pm10: 30.00, temp: 6.00, hum: 16.00, atm: 265.00 , loc: $GNGGA,163907.000,4900.4805,N,00825.6047,E,1,3,13.94,55.1,M,47.9,M,,*41 }
{ Id: 'A1', pm25: 24.00, pm10: 32.00, temp: 5.00, hum: 14.00, atm: 266.00 , loc: $GNGGA,163918.000,4900.4756,N,00825.6353,E,1,3,13.99,55.5,M,47.9,M,,*49 }
{ Id: 'A1', pm25: 24.00, pm10: 31.00, temp: 2.00, hum: 10.00, atm: 267.00 , loc: $GNGGA,163929.000,4900.4731,N,00825.6484,E,1,3,14.02,55.8,M,47.9,M,,*4F }
{ Id: 'A1', pm25: 24.00, pm10: 31.00, temp: 5.00, hum: 15.00, atm: 268.00 , loc: $GNGGA,163940.000,4900.4707,N,00825.6583,E,1,3,14.08,56.0,M,47.9,M,,*42 }
{ Id: 'A1', pm25: 24.00, pm10: 34.00, temp: 5.00, hum: 13.00, atm: 269.00 , loc: $GNGGA,163951.000,4900.4679,N,00825.6608,E,1,3,14.10,56.2,M,47.9,M,,*41 }
{ Id: 'A1', pm25: 22.00, pm10: 34.00, temp: 3.00, hum: 15.00, atm: 270.00 , loc: $GNGGA,164002.000,4900.4642,N,00825.6555,E,1,3,14.15,56.2,M,47.9,M,,*4F }
{ Id: 'A1', pm25: 22.00, pm10: 32.00, temp: 5.00, hum: 19.00, atm: 271.00 , loc: $GNGGA,164013.000,4900.4721,N,00825.6393,E,1,3,14.19,56.2,M,47.9,M,,*4B }
{ Id: 'A1', pm25: 22.00, pm10: 33.00, temp: 5.00, hum: 13.00, atm: 272.00 , loc: $GNGGA,164024.000,4900.4792,N,00825.6137,E,0,3,,56.2,M,47.9,M,,*69 }
{ Id: 'A1', pm25: 24.00, pm10: 34.00, temp: 6.00, hum: 13.00, atm: 273.00 , loc: $GNGGA,164035.000,4900.4777,N,00825.6258,E,0,3,,56.2,M,47.9,M,,*68 }
{ Id: 'A1', pm25: 21.00, pm10: 31.00, temp: 4.00, hum: 14.00, atm: 274.00 , loc: $GNGGA,164046.000,4900.4660,N,00825.6583,E,0,3,,56.2,M,47.9,M,,*6A }
{ Id: 'A1', pm25: 21.00, pm10: 31.00, temp: 9.00, hum: 10.00, atm: 275.00 , loc: $GNGGA,164057.000,4900.4679,N,00825.6664,E,0,3,,56.1,M,47.9,M,,*6B }
{ Id: 'A1', pm25: 23.00, pm10: 31.00, temp: 2.00, hum: 19.00, atm: 276.00 , loc: $GNGGA,164108.000,4900.4653,N,00825.6808,E,0,3,,56.1,M,47.9,M,,*6C }
{ Id: 'A1', pm25: 20.00, pm10: 33.00, temp: 5.00, hum: 10.00, atm: 277.00 , loc: $GNGGA,164119.000,4900.4784,N,00825.5925,E,0,3,,56.1,M,47.9,M,,*6A }
{ Id: 'A1', pm25: 20.00, pm10: 31.00, temp: 7.00, hum: 17.00, atm: 278.00 , loc: $GNGGA,164130.000,4900.4957,N,00825.4634,E,1,3,14.48,54.0,M,47.9,M,,*4A }
{ Id: 'A1', pm25: 22.00, pm10: 32.00, temp: 2.00, hum: 15.00, atm: 279.00 , loc: $GNGGA,164141.000,4900.4940,N,00825.4868,E,1,3,14.53,54.2,M,47.9,M,,*45 }
{ Id: 'A1', pm25: 21.00, pm10: 33.00, temp: 3.00, hum: 10.00, atm: 280.00 , loc: $GNGGA,164153.000,4900.4847,N,00825.5271,E,0,3,,54.3,M,47.9,M,,*6E }
{ Id: 'A1', pm25: 22.00, pm10: 34.00, temp: 5.00, hum: 11.00, atm: 281.00 , loc: $GNGGA,164204.000,4900.4785,N,00825.5732,E,0,3,,54.3,M,47.9,M,,*6C }
{ Id: 'A1', pm25: 20.00, pm10: 32.00, temp: 5.00, hum: 15.00, atm: 282.00 , loc: $GNGGA,164215.000,4900.4858,N,00825.5831,E,0,3,,54.3,M,47.9,M,,*6F }
{ Id: 'A1', pm25: 24.00, pm10: 34.00, temp: 4.00, hum: 15.00, atm: 283.00 , loc: $GNGGA,164226.000,4900.4932,N,00825.5530,E,0,3,,54.4,M,47.9,M,,*69 }
{ Id: 'A1', pm25: 22.00, pm10: 31.00, temp: 3.00, hum: 15.00, atm: 284.00 , loc: $GNGGA,164237.000,4900.4911,N,00825.5468,E,0,3,,54.6,M,47.9,M,,*66 }
SSH-2.0-OpenSSH_7.6p1 Ubuntu-4ubuntu0.5
{ Id: 'A1', pm25: 23.00, pm10: 33.00, temp: 4.00, hum: 19.00, atm: 285.00 , loc: $GNGGA,164248.000,4900.4922,N,00825.5323,E,1,3,14.78,54.5,M,47.9,M,,*40 }
{ Id: 'A1', pm25: 24.00, pm10: 32.00, temp: 9.00, hum: 16.00, atm: 286.00 , loc: $GNGGA,164259.000,4900.4938,N,00825.5233,E,1,3,14.81,54.5,M,47.9,M,,*4D }
{ Id: 'A1', pm25: 22.00, pm10: 31.00, temp: 9.00, hum: 14.00, atm: 287.00 , loc: $GNGGA,164311.000,4900.4950,N,00825.5537,E,1,3,14.87,54.7,M,47.9,M,,*49 }
{ Id: 'A1', pm25: 24.00, pm10: 30.00, temp: 7.00, hum: 10.00, atm: 288.00 , loc: $GNGGA,164322.000,4900.4922,N,00825.6118,E,1,4,3.52,54.9,M,47.9,M,,*71 }
{ Id: 'A1', pm25: 21.00, pm10: 34.00, temp: 4.00, hum: 11.00, atm: 289.00 , loc: $GNGGA,164333.000,4900.4909,N,00825.6222,E,1,4,3.52,55.4,M,47.9,M,,*7E }
{ Id: 'A1', pm25: 20.00, pm10: 34.00, temp: 9.00, hum: 10.00, atm: 290.00 , loc: $GNGGA,164344.000,4900.5177,N,00825.4044,E,1,4,3.52,57.8,M,47.9,M,,*70 }
{ Id: 'A1', pm25: 20.00, pm10: 33.00, temp: 3.00, hum: 10.00, atm: 291.00 , loc: $GNGGA,164355.000,4900.5185,N,00825.4034,E,1,4,3.52,58.9,M,47.9,M,,*74 }
{ Id: 'A1', pm25: 22.00, pm10: 32.00, temp: 5.00, hum: 13.00, atm: 292.00 , loc: $GNGGA,164406.000,4900.5133,N,00825.4051,E,1,3,3.70,59.2,M,47.9,M,,*76 }
{ Id: 'A1', pm25: 21.00, pm10: 32.00, temp: 4.00, hum: 11.00, atm: 293.00 , loc: $GNGGA,164417.000,4900.5116,N,00825.4052,E,1,3,3.70,59.4,M,47.9,M,,*74 }
{ Id: 'A1', pm25: 23.00, pm10: 31.00, temp: 4.00, hum: 14.00, atm: 294.00 , loc: $GNGGA,164429.000,4900.5117,N,00825.4092,E,1,4,2.70,59.5,M,47.9,M,,*73 }
{ Id: 'A1', pm25: 23.00, pm10: 30.00, temp: 3.00, hum: 18.00, atm: 295.00 , loc: $GNGGA,164440.000,4900.5148,N,00825.4121,E,1,4,3.60,59.6,M,47.9,M,,*7C }
{ Id: 'A1', pm25: 23.00, pm10: 31.00, temp: 7.00, hum: 16.00, atm: 296.00 , loc: $GNGGA,164451.000,4900.5151,N,00825.4127,E,1,4,2.71,60.3,M,47.9,M,,*7C }
{ Id: 'A1', pm25: 21.00, pm10: 30.00, temp: 8.00, hum: 15.00, atm: 297.00 , loc: $GNGGA,164502.000,4900.5181,N,00825.4262,E,1,4,2.71,61.1,M,47.9,M,,*77 }
{ Id: 'A1', pm25: 22.00, pm10: 30.00, temp: 7.00, hum: 18.00, atm: 298.00 , loc: $GNGGA,164513.000,4900.5149,N,00825.4247,E,1,4,2.71,62.0,M,47.9,M,,*76 }
{ Id: 'A1', pm25: 23.00, pm10: 32.00, temp: 4.00, hum: 18.00, atm: 299.00 , loc: $GNGGA,164524.000,4900.5108,N,00825.3959,E,1,4,2.71,62.5,M,47.9,M,,*71 }
{ Id: 'A1', pm25: 22.00, pm10: 31.00, temp: 3.00, hum: 16.00, atm: 300.00 , loc: $GNGGA,164536.000,4900.5115,N,00825.3978,E,1,4,2.71,63.8,M,47.9,M,,*71 }
{ Id: 'A1', pm25: 24.00, pm10: 30.00, temp: 2.00, hum: 10.00, atm: 301.00 , loc: $GNGGA,164547.000,4900.5142,N,00825.4061,E,1,4,2.72,65.1,M,47.9,M,,*7F }
{ Id: 'A1', pm25: 21.00, pm10: 30.00, temp: 5.00, hum: 18.00, atm: 302.00 , loc: $GNGGA,164558.000,4900.5127,N,00825.4035,E,1,4,2.72,66.3,M,47.9,M,,*72 }
{ Id: 'A1', pm25: 20.00, pm10: 33.00, temp: 2.00, hum: 14.00, atm: 303.00 , loc: $GNGGA,164609.000,4900.5151,N,00825.4110,E,1,4,2.72,67.4,M,47.9,M,,*74 }
{ Id: 'A1', pm25: 24.00, pm10: 33.00, temp: 3.00, hum: 18.00, atm: 304.00 , loc: $GNGGA,164620.000,4900.5169,N,00825.4194,E,1,4,2.73,68.8,M,47.9,M,,*7A }
{ Id: 'A1', pm25: 24.00, pm10: 34.00, temp: 2.00, hum: 18.00, atm: 305.00 , loc: $GNGGA,164631.000,4900.5134,N,00825.4195,E,1,4,2.73,70.7,M,47.9,M,,*75 }
{ Id: 'A1', pm25: 20.00, pm10: 34.00, temp: 7.00, hum: 10.00, atm: 306.00 , loc: $GNGGA,164642.000,4900.5151,N,00825.4224,E,1,4,2.73,72.4,M,47.9,M,,*7A }
{ Id: 'A1', pm25: 23.00, pm10: 33.00, temp: 5.00, hum: 12.00, atm: 307.00 , loc: $GNGGA,164653.000,4900.5187,N,00825.4230,E,1,4,2.74,73.9,M,47.9,M,,*7F }
{ Id: 'A1', pm25: 23.00, pm10: 34.00, temp: 5.00, hum: 17.00, atm: 308.00 , loc: $GNGGA,164704.000,4900.5199,N,00825.4297,E,1,4,2.74,75.3,M,47.9,M,,*72 }
{ Id: 'A1', pm25: 22.00, pm10: 31.00, temp: 2.00, hum: 13.00, atm: 309.00 , loc: $GNGGA,164715.000,4900.5157,N,00825.4384,E,1,4,2.74,76.8,M,47.9,M,,*7B }
{ Id: 'A1', pm25: 24.00, pm10: 32.00, temp: 6.00, hum: 12.00, atm: 310.00 , loc: $GNGGA,164726.000,4900.5159,N,00825.4325,E,1,4,2.75,78.0,M,47.9,M,,*79 }
SSH-2.0-OpenSSH_7.6p1 Ubuntu-4ubuntu0.5
{ Id: 'A1', pm25: 20.00, pm10: 32.00, temp: 4.00, hum: 12.00, atm: 311.00 , loc: $GNGGA,164737.000,4900.5199,N,00825.4304,E,1,4,2.75,79.2,M,47.9,M,,*75 }
{ Id: 'A1', pm25: 20.00, pm10: 34.00, temp: 9.00, hum: 15.00, atm: 312.00 , loc: $GNGGA,164748.000,4900.5232,N,00825.4213,E,1,3,3.87,79.9,M,47.9,M,,*78 }
{ Id: 'A1', pm25: 23.00, pm10: 32.00, temp: 7.00, hum: 15.00, atm: 313.00 , loc: $GNGGA,164759.000,4900.5245,N,00825.4165,E,1,3,3.88,79.8,M,47.9,M,,*74 }
{ Id: 'A1', pm25: 21.00, pm10: 30.00, temp: 5.00, hum: 11.00, atm: 314.00 , loc: $GNGGA,164810.000,4900.5239,N,00825.4162,E,1,3,3.89,79.7,M,47.9,M,,*74 }
{ Id: 'A1', pm25: 24.00, pm10: 32.00, temp: 3.00, hum: 10.00, atm: 315.00 , loc: $GNGGA,164821.000,4900.5216,N,00825.4164,E,1,3,3.89,79.3,M,47.9,M,,*79 }
{ Id: 'A1', pm25: 20.00, pm10: 33.00, temp: 8.00, hum: 18.00, atm: 316.00 , loc: $GNGGA,164832.000,4900.5203,N,00825.4235,E,1,3,3.89,79.2,M,47.9,M,,*79 }
{ Id: 'A1', pm25: 20.00, pm10: 31.00, temp: 5.00, hum: 16.00, atm: 317.00 , loc: $GNGGA,164843.000,4900.5212,N,00825.4302,E,1,3,3.90,79.2,M,47.9,M,,*72 }
{ Id: 'A1', pm25: 21.00, pm10: 33.00, temp: 7.00, hum: 16.00, atm: 318.00 , loc: $GNGGA,164854.000,4900.5196,N,00825.4331,E,1,3,3.91,79.6,M,47.9,M,,*7E }
{ Id: 'A1', pm25: 22.00, pm10: 32.00, temp: 6.00, hum: 18.00, atm: 319.00 , loc: $GNGGA,164905.000,4900.5193,N,00825.4312,E,1,3,3.91,80.1,M,47.9,M,,*7E }
{ Id: 'A1', pm25: 21.00, pm10: 33.00, temp: 9.00, hum: 13.00, atm: 320.00 , loc: $GNGGA,164916.000,4900.5202,N,00825.4269,E,1,3,3.92,80.1,M,47.9,M,,*79 }
{ Id: 'A1', pm25: 20.00, pm10: 32.00, temp: 2.00, hum: 19.00, atm: 321.00 , loc: $GNGGA,164928.000,4900.5240,N,00825.4170,E,1,3,3.93,80.1,M,47.9,M,,*78 }
{ Id: 'A1', pm25: 21.00, pm10: 32.00, temp: 6.00, hum: 11.00, atm: 322.00 , loc: $GNGGA,164939.000,4900.5301,N,00825.4057,E,1,4,2.99,79.9,M,47.9,M,,*7A }
{ Id: 'A1', pm25: 22.00, pm10: 34.00, temp: 5.00, hum: 16.00, atm: 323.00 , loc: $GNGGA,164950.000,4900.5297,N,00825.4148,E,1,4,3.00,79.7,M,47.9,M,,*7B }
{ Id: 'A1', pm25: 20.00, pm10: 31.00, temp: 2.00, hum: 16.00, atm: 324.00 , loc: $GNGGA,165001.000,4900.5282,N,00825.4192,E,1,4,3.00,79.8,M,47.9,M,,*7B }
{ Id: 'A1', pm25: 20.00, pm10: 31.00, temp: 9.00, hum: 19.00, atm: 325.00 , loc: $GNGGA,165012.000,4900.5220,N,00825.4135,E,1,4,3.00,80.3,M,47.9,M,,*71 }
{ Id: 'A1', pm25: 24.00, pm10: 30.00, temp: 4.00, hum: 19.00, atm: 326.00 , loc: $GNGGA,165023.000,4900.5210,N,00825.4173,E,1,4,6.18,80.8,M,47.9,M,,*75 }
{ Id: 'A1', pm25: 22.00, pm10: 31.00, temp: 4.00, hum: 18.00, atm: 327.00 , loc: $GNGGA,165034.000,4900.5254,N,00825.4205,E,1,4,6.18,80.9,M,47.9,M,,*70 }
{ Id: 'A1', pm25: 22.00, pm10: 32.00, temp: 6.00, hum: 19.00, atm: 328.00 , loc: $GNGGA,165045.000,4900.5250,N,00825.4240,E,1,4,3.02,81.0,M,47.9,M,,*75 }
{ Id: 'A1', pm25: 24.00, pm10: 31.00, temp: 6.00, hum: 16.00, atm: 329.00 , loc: $GNGGA,165056.000,4900.5223,N,00825.4353,E,1,4,3.02,81.4,M,47.9,M,,*74 }
{ Id: 'A1', pm25: 23.00, pm10: 32.00, temp: 6.00, hum: 18.00, atm: 330.00 , loc: $GNGGA,165108.000,4900.5203,N,00825.4092,E,1,4,3.02,81.8,M,47.9,M,,*7E }
{ Id: 'A1', pm25: 24.00, pm10: 30.00, temp: 7.00, hum: 19.00, atm: 331.00 , loc: $GNGGA,165119.000,4900.5187,N,00825.3881,E,1,4,3.02,82.5,M,47.9,M,,*72 }
{ Id: 'A1', pm25: 21.00, pm10: 31.00, temp: 5.00, hum: 14.00, atm: 332.00 , loc: $GNGGA,165131.000,4900.5220,N,00825.4088,E,1,4,3.03,82.4,M,47.9,M,,*70 }
{ Id: 'A1', pm25: 24.00, pm10: 32.00, temp: 9.00, hum: 19.00, atm: 333.00 , loc: $GNGGA,165142.000,4900.5267,N,00825.4247,E,1,4,3.03,82.6,M,47.9,M,,*74 }
{ Id: 'A1', pm25: 23.00, pm10: 31.00, temp: 2.00, hum: 11.00, atm: 334.00 , loc: $GNGGA,165153.000,4900.5273,N,00825.4268,E,1,4,3.03,82.9,M,47.9,M,,*73 }
{ Id: 'A1', pm25: 20.00, pm10: 30.00, temp: 7.00, hum: 19.00, atm: 335.00 , loc: $GNGGA,165204.000,4900.5283,N,00825.4191,E,1,4,3.04,82.7,M,47.9,M,,*71 }
{ Id: 'A1', pm25: 22.00, pm10: 31.00, temp: 9.00, hum: 12.00, atm: 336.00 , loc: $GNGGA,165215.000,4900.5254,N,00825.4251,E,1,4,3.04,82.6,M,47.9,M,,*75 }
{ Id: 'A1', pm25: 21.00, pm10: 30.00, temp: 7.00, hum: 11.00, atm: 337.00 , loc: $GNGGA,165226.000,4900.5256,N,00825.4224,E,1,4,3.05,83.0,M,47.9,M,,*73 }
{ Id: 'A1', pm25: 20.00, pm10: 34.00, temp: 3.00, hum: 12.00, atm: 338.00 , loc: $GNGGA,165237.000,4900.5271,N,00825.4272,E,1,4,3.05,84.1,M,47.9,M,,*73 }
{ Id: 'A1', pm25: 23.00, pm10: 32.00, temp: 5.00, hum: 16.00, atm: 339.00 , loc: $GNGGA,165248.000,4900.5245,N,00825.4053,E,1,4,3.05,85.5,M,47.9,M,,*78 }
{ Id: 'A1', pm25: 24.00, pm10: 30.00, temp: 7.00, hum: 19.00, atm: 340.00 , loc: $GNGGA,165259.000,4900.5194,N,00825.3959,E,1,4,3.06,87.3,M,47.9,M,,*74 }
